<?xml version="1.0" encoding="UTF-8"?>
<coverage generated="1635753812000" clover="3.2.0">
  <project timestamp="1635753812000" name="All files">
    <metrics statements="384" coveredstatements="326" conditionals="144" coveredconditionals="103" methods="169" coveredmethods="143" elements="697" coveredelements="572" complexity="0" loc="384" ncloc="384" packages="7" files="23" classes="23"/>
    <package name="component">
      <metrics statements="58" coveredstatements="57" conditionals="36" coveredconditionals="34" methods="26" coveredmethods="26"/>
      <file name="AppBarComponent.js" path="C:\Users\Giani\Desktop\Work\Programming\Rama\final-project\src\component\AppBarComponent.js">
        <metrics statements="4" coveredstatements="4" conditionals="0" coveredconditionals="0" methods="2" coveredmethods="2"/>
        <line num="17" count="2" type="stmt"/>
        <line num="19" count="2" type="stmt"/>
        <line num="22" count="1" type="stmt"/>
        <line num="25" count="2" type="stmt"/>
      </file>
      <file name="Breadcrumb.js" path="C:\Users\Giani\Desktop\Work\Programming\Rama\final-project\src\component\Breadcrumb.js">
        <metrics statements="4" coveredstatements="4" conditionals="0" coveredconditionals="0" methods="2" coveredmethods="2"/>
        <line num="13" count="1" type="stmt"/>
        <line num="14" count="1" type="stmt"/>
        <line num="15" count="1" type="stmt"/>
        <line num="24" count="1" type="stmt"/>
      </file>
      <file name="CustomizedTimeline.js" path="C:\Users\Giani\Desktop\Work\Programming\Rama\final-project\src\component\CustomizedTimeline.js">
        <metrics statements="17" coveredstatements="16" conditionals="6" coveredconditionals="5" methods="7" coveredmethods="7"/>
        <line num="19" count="8" type="stmt"/>
        <line num="28" count="8" type="stmt"/>
        <line num="87" count="6" type="stmt"/>
        <line num="88" count="6" type="stmt"/>
        <line num="89" count="6" type="stmt"/>
        <line num="90" count="6" type="stmt"/>
        <line num="92" count="66" type="stmt"/>
        <line num="93" count="2" type="stmt"/>
        <line num="94" count="2" type="stmt"/>
        <line num="97" count="6" type="stmt"/>
        <line num="98" count="2" type="stmt"/>
        <line num="101" count="6" type="stmt"/>
        <line num="102" count="2" type="cond" truecount="1" falsecount="1"/>
        <line num="103" count="0" type="stmt"/>
        <line num="104" count="2" type="stmt"/>
        <line num="107" count="6" type="stmt"/>
        <line num="121" count="66" type="stmt"/>
      </file>
      <file name="GeneralDetail.js" path="C:\Users\Giani\Desktop\Work\Programming\Rama\final-project\src\component\GeneralDetail.js">
        <metrics statements="3" coveredstatements="3" conditionals="12" coveredconditionals="12" methods="2" coveredmethods="2"/>
        <line num="6" count="8" type="stmt"/>
        <line num="15" count="3" type="stmt"/>
        <line num="17" count="3" type="stmt"/>
      </file>
      <file name="ListItemLink.js" path="C:\Users\Giani\Desktop\Work\Programming\Rama\final-project\src\component\ListItemLink.js">
        <metrics statements="6" coveredstatements="6" conditionals="6" coveredconditionals="6" methods="2" coveredmethods="2"/>
        <line num="10" count="7" type="stmt"/>
        <line num="19" count="18" type="stmt"/>
        <line num="20" count="18" type="stmt"/>
        <line num="22" count="18" type="stmt"/>
        <line num="24" count="18" type="stmt"/>
        <line num="42" count="6" type="stmt"/>
      </file>
      <file name="Logs.js" path="C:\Users\Giani\Desktop\Work\Programming\Rama\final-project\src\component\Logs.js">
        <metrics statements="4" coveredstatements="4" conditionals="8" coveredconditionals="8" methods="3" coveredmethods="3"/>
        <line num="9" count="8" type="stmt"/>
        <line num="29" count="2" type="stmt"/>
        <line num="31" count="2" type="stmt"/>
        <line num="36" count="3" type="stmt"/>
      </file>
      <file name="MainPage.js" path="C:\Users\Giani\Desktop\Work\Programming\Rama\final-project\src\component\MainPage.js">
        <metrics statements="3" coveredstatements="3" conditionals="0" coveredconditionals="0" methods="1" coveredmethods="1"/>
        <line num="8" count="3" type="stmt"/>
        <line num="9" count="3" type="stmt"/>
        <line num="11" count="3" type="stmt"/>
      </file>
      <file name="MiniDrawer.js" path="C:\Users\Giani\Desktop\Work\Programming\Rama\final-project\src\component\MiniDrawer.js">
        <metrics statements="5" coveredstatements="5" conditionals="4" coveredconditionals="3" methods="2" coveredmethods="2"/>
        <line num="30" count="5" type="stmt"/>
        <line num="31" count="5" type="stmt"/>
        <line num="32" count="5" type="stmt"/>
        <line num="34" count="5" type="stmt"/>
        <line num="127" count="15" type="stmt"/>
      </file>
      <file name="RepaveTimeline.js" path="C:\Users\Giani\Desktop\Work\Programming\Rama\final-project\src\component\RepaveTimeline.js">
        <metrics statements="5" coveredstatements="5" conditionals="0" coveredconditionals="0" methods="3" coveredmethods="3"/>
        <line num="28" count="1" type="stmt"/>
        <line num="61" count="1" type="stmt"/>
        <line num="72" count="1" type="stmt"/>
        <line num="74" count="1" type="stmt"/>
        <line num="87" count="1" type="stmt"/>
      </file>
      <file name="Routing.js" path="C:\Users\Giani\Desktop\Work\Programming\Rama\final-project\src\component\Routing.js">
        <metrics statements="4" coveredstatements="4" conditionals="0" coveredconditionals="0" methods="1" coveredmethods="1"/>
        <line num="14" count="3" type="stmt"/>
        <line num="15" count="4" type="stmt"/>
        <line num="16" count="4" type="stmt"/>
        <line num="18" count="4" type="stmt"/>
      </file>
      <file name="SimpleAppBar.js" path="C:\Users\Giani\Desktop\Work\Programming\Rama\final-project\src\component\SimpleAppBar.js">
        <metrics statements="3" coveredstatements="3" conditionals="0" coveredconditionals="0" methods="1" coveredmethods="1"/>
        <line num="8" count="4" type="stmt"/>
        <line num="15" count="5" type="stmt"/>
        <line num="17" count="5" type="stmt"/>
      </file>
    </package>
    <package name="component.Universal">
      <metrics statements="36" coveredstatements="35" conditionals="6" coveredconditionals="5" methods="26" coveredmethods="25"/>
      <file name="confirm-alert-dialog.js" path="C:\Users\Giani\Desktop\Work\Programming\Rama\final-project\src\component\Universal\confirm-alert-dialog.js">
        <metrics statements="1" coveredstatements="1" conditionals="4" coveredconditionals="4" methods="1" coveredmethods="1"/>
        <line num="18" count="22" type="stmt"/>
      </file>
      <file name="table_attributes.js" path="C:\Users\Giani\Desktop\Work\Programming\Rama\final-project\src\component\Universal\table_attributes.js">
        <metrics statements="21" coveredstatements="21" conditionals="0" coveredconditionals="0" methods="18" coveredmethods="18"/>
        <line num="20" count="9" type="stmt"/>
        <line num="22" count="9" type="stmt"/>
        <line num="23" count="1" type="stmt"/>
        <line num="24" count="1" type="stmt"/>
        <line num="25" count="1" type="stmt"/>
        <line num="26" count="1" type="stmt"/>
        <line num="27" count="101" type="stmt"/>
        <line num="28" count="1" type="stmt"/>
        <line num="29" count="19" type="stmt"/>
        <line num="30" count="1" type="stmt"/>
        <line num="31" count="17" type="stmt"/>
        <line num="32" count="17" type="stmt"/>
        <line num="33" count="17" type="stmt"/>
        <line num="34" count="17" type="stmt"/>
        <line num="35" count="19" type="stmt"/>
        <line num="36" count="19" type="stmt"/>
        <line num="37" count="133" type="stmt"/>
        <line num="38" count="1" type="stmt"/>
        <line num="39" count="1" type="stmt"/>
        <line num="40" count="1" type="stmt"/>
        <line num="43" count="9" type="stmt"/>
      </file>
      <file name="toast-message.js" path="C:\Users\Giani\Desktop\Work\Programming\Rama\final-project\src\component\Universal\toast-message.js">
        <metrics statements="14" coveredstatements="13" conditionals="2" coveredconditionals="1" methods="7" coveredmethods="6"/>
        <line num="14" count="1" type="stmt"/>
        <line num="21" count="1" type="stmt"/>
        <line num="52" count="4" type="stmt"/>
        <line num="53" count="4" type="stmt"/>
        <line num="54" count="4" type="stmt"/>
        <line num="56" count="4" type="stmt"/>
        <line num="82" count="5" type="stmt"/>
        <line num="84" count="5" type="stmt"/>
        <line num="85" count="5" type="stmt"/>
        <line num="90" count="1" type="cond" truecount="1" falsecount="1"/>
        <line num="91" count="0" type="stmt"/>
        <line num="93" count="1" type="stmt"/>
        <line num="99" count="5" type="stmt"/>
        <line num="101" count="5" type="stmt"/>
      </file>
    </package>
    <package name="container">
      <metrics statements="17" coveredstatements="17" conditionals="2" coveredconditionals="2" methods="9" coveredmethods="9"/>
      <file name="ListItemLinkContainer.js" path="C:\Users\Giani\Desktop\Work\Programming\Rama\final-project\src\container\ListItemLinkContainer.js">
        <metrics statements="8" coveredstatements="8" conditionals="2" coveredconditionals="2" methods="4" coveredmethods="4"/>
        <line num="7" count="5" type="stmt"/>
        <line num="11" count="14" type="stmt"/>
        <line num="12" count="14" type="stmt"/>
        <line num="18" count="14" type="stmt"/>
        <line num="19" count="1" type="stmt"/>
        <line num="25" count="15" type="stmt"/>
        <line num="27" count="15" type="stmt"/>
        <line num="54" count="4" type="stmt"/>
      </file>
      <file name="MainPageContainer.js" path="C:\Users\Giani\Desktop\Work\Programming\Rama\final-project\src\container\MainPageContainer.js">
        <metrics statements="5" coveredstatements="5" conditionals="0" coveredconditionals="0" methods="3" coveredmethods="3"/>
        <line num="8" count="1" type="stmt"/>
        <line num="9" count="1" type="stmt"/>
        <line num="14" count="1" type="stmt"/>
        <line num="15" count="1" type="stmt"/>
        <line num="21" count="2" type="stmt"/>
      </file>
      <file name="MiniDrawerContainer.js" path="C:\Users\Giani\Desktop\Work\Programming\Rama\final-project\src\container\MiniDrawerContainer.js">
        <metrics statements="4" coveredstatements="4" conditionals="0" coveredconditionals="0" methods="2" coveredmethods="2"/>
        <line num="6" count="3" type="stmt"/>
        <line num="7" count="3" type="stmt"/>
        <line num="19" count="4" type="stmt"/>
        <line num="20" count="4" type="stmt"/>
      </file>
    </package>
    <package name="lib">
      <metrics statements="2" coveredstatements="2" conditionals="0" coveredconditionals="0" methods="1" coveredmethods="1"/>
      <file name="utils.js" path="C:\Users\Giani\Desktop\Work\Programming\Rama\final-project\src\lib\utils.js">
        <metrics statements="2" coveredstatements="2" conditionals="0" coveredconditionals="0" methods="1" coveredmethods="1"/>
        <line num="1" count="8" type="stmt"/>
        <line num="2" count="14" type="stmt"/>
      </file>
    </package>
    <package name="lib.contexts">
      <metrics statements="6" coveredstatements="6" conditionals="0" coveredconditionals="0" methods="2" coveredmethods="2"/>
      <file name="message.context.js" path="C:\Users\Giani\Desktop\Work\Programming\Rama\final-project\src\lib\contexts\message.context.js">
        <metrics statements="6" coveredstatements="6" conditionals="0" coveredconditionals="0" methods="2" coveredmethods="2"/>
        <line num="3" count="11" type="stmt"/>
        <line num="6" count="6" type="stmt"/>
        <line num="12" count="6" type="stmt"/>
        <line num="13" count="3" type="stmt"/>
        <line num="19" count="6" type="stmt"/>
        <line num="20" count="6" type="stmt"/>
      </file>
    </package>
    <package name="pages">
      <metrics statements="264" coveredstatements="208" conditionals="100" coveredconditionals="62" methods="105" coveredmethods="80"/>
      <file name="DepartmentSetupPage.js" path="C:\Users\Giani\Desktop\Work\Programming\Rama\final-project\src\pages\DepartmentSetupPage.js">
        <metrics statements="7" coveredstatements="7" conditionals="0" coveredconditionals="0" methods="2" coveredmethods="2"/>
        <line num="16" count="7" type="stmt"/>
        <line num="17" count="1" type="stmt"/>
        <line num="25" count="1" type="stmt"/>
        <line num="35" count="1" type="stmt"/>
        <line num="66" count="1" type="stmt"/>
        <line num="68" count="1" type="stmt"/>
        <line num="70" count="1" type="stmt"/>
      </file>
      <file name="repave.js" path="C:\Users\Giani\Desktop\Work\Programming\Rama\final-project\src\pages\repave.js">
        <metrics statements="141" coveredstatements="105" conditionals="55" coveredconditionals="34" methods="53" coveredmethods="38"/>
        <line num="34" count="7" type="stmt"/>
        <line num="62" count="7" type="stmt"/>
        <line num="63" count="15" type="stmt"/>
        <line num="64" count="15" type="stmt"/>
        <line num="65" count="15" type="stmt"/>
        <line num="66" count="15" type="stmt"/>
        <line num="67" count="15" type="stmt"/>
        <line num="68" count="15" type="stmt"/>
        <line num="69" count="15" type="stmt"/>
        <line num="70" count="15" type="stmt"/>
        <line num="71" count="15" type="stmt"/>
        <line num="76" count="15" type="stmt"/>
        <line num="77" count="5" type="stmt"/>
        <line num="80" count="1" type="stmt"/>
        <line num="81" count="1" type="stmt"/>
        <line num="82" count="1" type="stmt"/>
        <line num="84" count="1" type="stmt"/>
        <line num="85" count="985" type="stmt"/>
        <line num="88" count="1" type="stmt"/>
        <line num="90" count="985" type="stmt"/>
        <line num="95" count="1" type="stmt"/>
        <line num="98" count="2" type="stmt"/>
        <line num="101" count="5" type="stmt"/>
        <line num="102" count="2" type="stmt"/>
        <line num="103" count="2" type="cond" truecount="1" falsecount="1"/>
        <line num="104" count="0" type="stmt"/>
        <line num="106" count="2" type="stmt"/>
        <line num="107" count="2" type="stmt"/>
        <line num="110" count="5" type="stmt"/>
        <line num="111" count="5" type="stmt"/>
        <line num="112" count="5" type="cond" truecount="2" falsecount="1"/>
        <line num="116" count="15" type="stmt"/>
        <line num="127" count="15" type="stmt"/>
        <line num="149" count="0" type="stmt"/>
        <line num="168" count="0" type="stmt"/>
        <line num="172" count="1" type="stmt"/>
        <line num="201" count="7" type="stmt"/>
        <line num="208" count="13" type="stmt"/>
        <line num="213" count="13" type="stmt"/>
        <line num="214" count="13" type="stmt"/>
        <line num="215" count="13" type="stmt"/>
        <line num="216" count="13" type="stmt"/>
        <line num="217" count="13" type="stmt"/>
        <line num="218" count="13" type="stmt"/>
        <line num="233" count="13" type="stmt"/>
        <line num="234" count="6" type="stmt"/>
        <line num="235" count="6" type="cond" truecount="3" falsecount="1"/>
        <line num="236" count="0" type="stmt"/>
        <line num="241" count="0" type="stmt"/>
        <line num="244" count="0" type="stmt"/>
        <line num="245" count="0" type="stmt"/>
        <line num="247" count="6" type="cond" truecount="3" falsecount="1"/>
        <line num="248" count="0" type="stmt"/>
        <line num="254" count="0" type="stmt"/>
        <line num="260" count="0" type="cond" truecount="0" falsecount="2"/>
        <line num="261" count="0" type="stmt"/>
        <line num="263" count="0" type="stmt"/>
        <line num="265" count="6" type="cond" truecount="2" falsecount="0"/>
        <line num="266" count="3" type="stmt"/>
        <line num="267" count="3" type="stmt"/>
        <line num="268" count="2955" type="stmt"/>
        <line num="270" count="3" type="cond" truecount="2" falsecount="0"/>
        <line num="271" count="1" type="stmt"/>
        <line num="272" count="103" type="stmt"/>
        <line num="275" count="1" type="stmt"/>
        <line num="277" count="103" type="stmt"/>
        <line num="281" count="3" type="cond" truecount="2" falsecount="0"/>
        <line num="282" count="2" type="stmt"/>
        <line num="283" count="206" type="stmt"/>
        <line num="285" count="2" type="cond" truecount="4" falsecount="0"/>
        <line num="286" count="1" type="stmt"/>
        <line num="287" count="2" type="stmt"/>
        <line num="290" count="1" type="stmt"/>
        <line num="292" count="2" type="stmt"/>
        <line num="297" count="3" type="cond" truecount="2" falsecount="0"/>
        <line num="298" count="1" type="stmt"/>
        <line num="299" count="2" type="stmt"/>
        <line num="302" count="3" type="stmt"/>
        <line num="304" count="3" type="stmt"/>
        <line num="305" count="3" type="stmt"/>
        <line num="306" count="3" type="stmt"/>
        <line num="315" count="13" type="stmt"/>
        <line num="318" count="13" type="stmt"/>
        <line num="319" count="0" type="cond" truecount="0" falsecount="4"/>
        <line num="320" count="0" type="stmt"/>
        <line num="324" count="0" type="cond" truecount="0" falsecount="2"/>
        <line num="325" count="0" type="stmt"/>
        <line num="329" count="0" type="cond" truecount="0" falsecount="2"/>
        <line num="330" count="0" type="stmt"/>
        <line num="336" count="0" type="stmt"/>
        <line num="346" count="0" type="stmt"/>
        <line num="347" count="0" type="stmt"/>
        <line num="348" count="0" type="cond" truecount="0" falsecount="2"/>
        <line num="349" count="0" type="stmt"/>
        <line num="350" count="0" type="stmt"/>
        <line num="353" count="0" type="stmt"/>
        <line num="356" count="13" type="stmt"/>
        <line num="357" count="13" type="stmt"/>
        <line num="358" count="13" type="stmt"/>
        <line num="364" count="13" type="stmt"/>
        <line num="365" count="0" type="stmt"/>
        <line num="368" count="13" type="stmt"/>
        <line num="369" count="0" type="stmt"/>
        <line num="372" count="13" type="stmt"/>
        <line num="373" count="0" type="stmt"/>
        <line num="376" count="13" type="stmt"/>
        <line num="442" count="13" type="stmt"/>
        <line num="478" count="13" type="stmt"/>
        <line num="494" count="214" type="stmt"/>
        <line num="498" count="1" type="stmt"/>
        <line num="499" count="1" type="stmt"/>
        <line num="505" count="16" type="stmt"/>
        <line num="521" count="204" type="stmt"/>
        <line num="525" count="4" type="cond" truecount="1" falsecount="1"/>
        <line num="526" count="0" type="stmt"/>
        <line num="527" count="4" type="cond" truecount="1" falsecount="1"/>
        <line num="528" count="4" type="stmt"/>
        <line num="532" count="1" type="stmt"/>
        <line num="533" count="1" type="stmt"/>
        <line num="539" count="16" type="stmt"/>
        <line num="555" count="9" type="stmt"/>
        <line num="558" count="1" type="cond" truecount="1" falsecount="1"/>
        <line num="559" count="0" type="stmt"/>
        <line num="560" count="1" type="cond" truecount="1" falsecount="1"/>
        <line num="561" count="1" type="stmt"/>
        <line num="565" count="1" type="stmt"/>
        <line num="566" count="1" type="stmt"/>
        <line num="572" count="15" type="stmt"/>
        <line num="588" count="0" type="stmt"/>
        <line num="627" count="7" type="stmt"/>
        <line num="628" count="1" type="stmt"/>
        <line num="727" count="7" type="stmt"/>
        <line num="729" count="0" type="stmt"/>
        <line num="730" count="0" type="stmt"/>
        <line num="731" count="0" type="stmt"/>
        <line num="733" count="0" type="stmt"/>
        <line num="735" count="0" type="stmt"/>
        <line num="740" count="7" type="stmt"/>
        <line num="791" count="7" type="stmt"/>
        <line num="808" count="50" type="cond" truecount="2" falsecount="0"/>
        <line num="895" count="50" type="stmt"/>
      </file>
      <file name="request.js" path="C:\Users\Giani\Desktop\Work\Programming\Rama\final-project\src\pages\request.js">
        <metrics statements="116" coveredstatements="96" conditionals="45" coveredconditionals="28" methods="50" coveredmethods="40"/>
        <line num="34" count="7" type="stmt"/>
        <line num="62" count="7" type="stmt"/>
        <line num="63" count="11" type="stmt"/>
        <line num="64" count="11" type="stmt"/>
        <line num="65" count="11" type="stmt"/>
        <line num="66" count="11" type="stmt"/>
        <line num="67" count="11" type="stmt"/>
        <line num="68" count="11" type="stmt"/>
        <line num="69" count="11" type="stmt"/>
        <line num="70" count="11" type="stmt"/>
        <line num="71" count="11" type="stmt"/>
        <line num="76" count="11" type="stmt"/>
        <line num="77" count="2" type="stmt"/>
        <line num="80" count="1" type="stmt"/>
        <line num="81" count="985" type="stmt"/>
        <line num="83" count="1" type="stmt"/>
        <line num="84" count="1" type="stmt"/>
        <line num="86" count="1" type="stmt"/>
        <line num="87" count="420" type="stmt"/>
        <line num="90" count="1" type="stmt"/>
        <line num="92" count="420" type="stmt"/>
        <line num="97" count="1" type="stmt"/>
        <line num="100" count="2" type="stmt"/>
        <line num="103" count="2" type="stmt"/>
        <line num="104" count="2" type="stmt"/>
        <line num="105" count="2" type="cond" truecount="1" falsecount="1"/>
        <line num="106" count="0" type="stmt"/>
        <line num="108" count="2" type="stmt"/>
        <line num="109" count="2" type="stmt"/>
        <line num="112" count="2" type="stmt"/>
        <line num="113" count="2" type="cond" truecount="2" falsecount="1"/>
        <line num="114" count="2" type="stmt"/>
        <line num="118" count="11" type="stmt"/>
        <line num="129" count="11" type="stmt"/>
        <line num="151" count="0" type="stmt"/>
        <line num="170" count="0" type="stmt"/>
        <line num="174" count="1" type="stmt"/>
        <line num="203" count="7" type="stmt"/>
        <line num="210" count="13" type="stmt"/>
        <line num="215" count="13" type="stmt"/>
        <line num="219" count="13" type="stmt"/>
        <line num="220" count="13" type="stmt"/>
        <line num="235" count="13" type="stmt"/>
        <line num="236" count="6" type="stmt"/>
        <line num="237" count="6" type="cond" truecount="3" falsecount="1"/>
        <line num="238" count="0" type="stmt"/>
        <line num="243" count="0" type="stmt"/>
        <line num="246" count="0" type="stmt"/>
        <line num="247" count="0" type="stmt"/>
        <line num="249" count="6" type="cond" truecount="3" falsecount="1"/>
        <line num="250" count="0" type="stmt"/>
        <line num="256" count="0" type="stmt"/>
        <line num="262" count="0" type="cond" truecount="0" falsecount="2"/>
        <line num="263" count="0" type="stmt"/>
        <line num="265" count="0" type="stmt"/>
        <line num="267" count="6" type="cond" truecount="2" falsecount="0"/>
        <line num="268" count="3" type="stmt"/>
        <line num="269" count="3" type="stmt"/>
        <line num="270" count="2955" type="stmt"/>
        <line num="272" count="3" type="cond" truecount="2" falsecount="0"/>
        <line num="273" count="1" type="stmt"/>
        <line num="274" count="103" type="stmt"/>
        <line num="277" count="1" type="stmt"/>
        <line num="279" count="103" type="stmt"/>
        <line num="283" count="3" type="cond" truecount="2" falsecount="0"/>
        <line num="284" count="2" type="stmt"/>
        <line num="285" count="206" type="stmt"/>
        <line num="287" count="2" type="cond" truecount="4" falsecount="0"/>
        <line num="288" count="1" type="stmt"/>
        <line num="289" count="2" type="stmt"/>
        <line num="292" count="1" type="stmt"/>
        <line num="294" count="2" type="stmt"/>
        <line num="299" count="3" type="cond" truecount="2" falsecount="0"/>
        <line num="300" count="1" type="stmt"/>
        <line num="301" count="2" type="stmt"/>
        <line num="304" count="3" type="stmt"/>
        <line num="306" count="3" type="stmt"/>
        <line num="307" count="3" type="stmt"/>
        <line num="308" count="3" type="stmt"/>
        <line num="320" count="13" type="stmt"/>
        <line num="356" count="13" type="stmt"/>
        <line num="372" count="214" type="stmt"/>
        <line num="376" count="1" type="stmt"/>
        <line num="377" count="1" type="stmt"/>
        <line num="383" count="16" type="stmt"/>
        <line num="399" count="204" type="stmt"/>
        <line num="403" count="4" type="cond" truecount="1" falsecount="1"/>
        <line num="404" count="0" type="stmt"/>
        <line num="405" count="4" type="cond" truecount="1" falsecount="1"/>
        <line num="406" count="4" type="stmt"/>
        <line num="410" count="1" type="stmt"/>
        <line num="411" count="1" type="stmt"/>
        <line num="417" count="16" type="stmt"/>
        <line num="433" count="9" type="stmt"/>
        <line num="436" count="1" type="cond" truecount="1" falsecount="1"/>
        <line num="437" count="0" type="stmt"/>
        <line num="438" count="1" type="cond" truecount="1" falsecount="1"/>
        <line num="439" count="1" type="stmt"/>
        <line num="443" count="1" type="stmt"/>
        <line num="444" count="1" type="stmt"/>
        <line num="450" count="15" type="stmt"/>
        <line num="480" count="7" type="stmt"/>
        <line num="481" count="1" type="stmt"/>
        <line num="580" count="7" type="stmt"/>
        <line num="582" count="0" type="stmt"/>
        <line num="583" count="0" type="stmt"/>
        <line num="584" count="0" type="stmt"/>
        <line num="586" count="0" type="stmt"/>
        <line num="588" count="0" type="stmt"/>
        <line num="593" count="7" type="stmt"/>
        <line num="643" count="7" type="stmt"/>
        <line num="644" count="0" type="stmt"/>
        <line num="646" count="7" type="stmt"/>
        <line num="651" count="50" type="stmt"/>
        <line num="676" count="50" type="cond" truecount="1" falsecount="1"/>
        <line num="763" count="50" type="stmt"/>
      </file>
    </package>
    <package name="static">
      <metrics statements="1" coveredstatements="1" conditionals="0" coveredconditionals="0" methods="0" coveredmethods="0"/>
      <file name="Menus.js" path="C:\Users\Giani\Desktop\Work\Programming\Rama\final-project\src\static\Menus.js">
        <metrics statements="1" coveredstatements="1" conditionals="0" coveredconditionals="0" methods="0" coveredmethods="0"/>
        <line num="10" count="5" type="stmt"/>
      </file>
    </package>
  </project>
</coverage>
