{"C:\\Users\\Giani\\Desktop\\Work\\Programming\\Rama\\final-project\\src\\component\\AppBarComponent.js": {"path":"C:\\Users\\Giani\\Desktop\\Work\\Programming\\Rama\\final-project\\src\\component\\AppBarComponent.js","statementMap":{"0":{"start":{"line":17,"column":52},"end":{"line":17,"column":63}},"1":{"start":{"line":19,"column":26},"end":{"line":19,"column":47}},"2":{"start":{"line":22,"column":4},"end":{"line":22,"column":18}},"3":{"start":{"line":25,"column":2},"end":{"line":55,"column":4}}},"fnMap":{"0":{"name":"AppBarComponent","decl":{"start":{"line":16,"column":9},"end":{"line":16,"column":24}},"loc":{"start":{"line":16,"column":27},"end":{"line":56,"column":1}},"line":16},"1":{"name":"handleDrawerOpen","decl":{"start":{"line":21,"column":11},"end":{"line":21,"column":27}},"loc":{"start":{"line":21,"column":30},"end":{"line":23,"column":3}},"line":21}},"branchMap":{},"s":{"0":2,"1":2,"2":1,"3":2},"f":{"0":2,"1":1},"b":{},"_coverageSchema":"1a1c01bbd47fc00a2c39e90264f33305004495a9","hash":"12417c466e131d484d950a1228b862f65c1c70b6"}
,"C:\\Users\\Giani\\Desktop\\Work\\Programming\\Rama\\final-project\\src\\component\\Breadcrumb.js": {"path":"C:\\Users\\Giani\\Desktop\\Work\\Programming\\Rama\\final-project\\src\\component\\Breadcrumb.js","statementMap":{"0":{"start":{"line":13,"column":24},"end":{"line":35,"column":1}},"1":{"start":{"line":14,"column":18},"end":{"line":14,"column":29}},"2":{"start":{"line":15,"column":2},"end":{"line":34,"column":4}},"3":{"start":{"line":24,"column":14},"end":{"line":28,"column":20}}},"fnMap":{"0":{"name":"(anonymous_0)","decl":{"start":{"line":13,"column":24},"end":{"line":13,"column":25}},"loc":{"start":{"line":13,"column":45},"end":{"line":35,"column":1}},"line":13},"1":{"name":"(anonymous_1)","decl":{"start":{"line":23,"column":29},"end":{"line":23,"column":30}},"loc":{"start":{"line":24,"column":14},"end":{"line":28,"column":20}},"line":24}},"branchMap":{},"s":{"0":1,"1":1,"2":1,"3":1},"f":{"0":1,"1":1},"b":{},"_coverageSchema":"1a1c01bbd47fc00a2c39e90264f33305004495a9","hash":"90eedd4a278cb8c7ed5105935d82abcb10ef95ea"}
,"C:\\Users\\Giani\\Desktop\\Work\\Programming\\Rama\\final-project\\src\\component\\CustomizedTimeline.js": {"path":"C:\\Users\\Giani\\Desktop\\Work\\Programming\\Rama\\final-project\\src\\component\\CustomizedTimeline.js","statementMap":{"0":{"start":{"line":19,"column":18},"end":{"line":26,"column":3}},"1":{"start":{"line":19,"column":41},"end":{"line":26,"column":1}},"2":{"start":{"line":28,"column":28},"end":{"line":84,"column":1}},"3":{"start":{"line":87,"column":18},"end":{"line":87,"column":29}},"4":{"start":{"line":88,"column":38},"end":{"line":88,"column":53}},"5":{"start":{"line":89,"column":26},"end":{"line":89,"column":38}},"6":{"start":{"line":90,"column":18},"end":{"line":90,"column":49}},"7":{"start":{"line":92,"column":22},"end":{"line":95,"column":3}},"8":{"start":{"line":92,"column":32},"end":{"line":95,"column":3}},"9":{"start":{"line":93,"column":4},"end":{"line":93,"column":18}},"10":{"start":{"line":94,"column":4},"end":{"line":94,"column":24}},"11":{"start":{"line":97,"column":22},"end":{"line":99,"column":3}},"12":{"start":{"line":98,"column":4},"end":{"line":98,"column":25}},"13":{"start":{"line":101,"column":23},"end":{"line":105,"column":3}},"14":{"start":{"line":102,"column":4},"end":{"line":103,"column":78}},"15":{"start":{"line":102,"column":22},"end":{"line":102,"column":47}},"16":{"start":{"line":103,"column":9},"end":{"line":103,"column":78}},"17":{"start":{"line":104,"column":4},"end":{"line":104,"column":18}},"18":{"start":{"line":107,"column":2},"end":{"line":166,"column":4}},"19":{"start":{"line":121,"column":10},"end":{"line":149,"column":25}}},"fnMap":{"0":{"name":"(anonymous_0)","decl":{"start":{"line":19,"column":29},"end":{"line":19,"column":30}},"loc":{"start":{"line":19,"column":41},"end":{"line":26,"column":1}},"line":19},"1":{"name":"CustomizedTimeline","decl":{"start":{"line":86,"column":24},"end":{"line":86,"column":42}},"loc":{"start":{"line":86,"column":62},"end":{"line":167,"column":1}},"line":86},"2":{"name":"(anonymous_2)","decl":{"start":{"line":92,"column":22},"end":{"line":92,"column":23}},"loc":{"start":{"line":92,"column":32},"end":{"line":95,"column":3}},"line":92},"3":{"name":"(anonymous_3)","decl":{"start":{"line":92,"column":32},"end":{"line":92,"column":33}},"loc":{"start":{"line":92,"column":38},"end":{"line":95,"column":3}},"line":92},"4":{"name":"(anonymous_4)","decl":{"start":{"line":97,"column":22},"end":{"line":97,"column":23}},"loc":{"start":{"line":97,"column":28},"end":{"line":99,"column":3}},"line":97},"5":{"name":"(anonymous_5)","decl":{"start":{"line":101,"column":23},"end":{"line":101,"column":24}},"loc":{"start":{"line":101,"column":29},"end":{"line":105,"column":3}},"line":101},"6":{"name":"(anonymous_6)","decl":{"start":{"line":120,"column":26},"end":{"line":120,"column":27}},"loc":{"start":{"line":121,"column":10},"end":{"line":149,"column":25}},"line":121}},"branchMap":{"0":{"loc":{"start":{"line":102,"column":4},"end":{"line":103,"column":78}},"type":"if","locations":[{"start":{"line":102,"column":4},"end":{"line":103,"column":78}},{"start":{"line":103,"column":9},"end":{"line":103,"column":78}}],"line":102},"1":{"loc":{"start":{"line":133,"column":25},"end":{"line":133,"column":60}},"type":"cond-expr","locations":[{"start":{"line":133,"column":39},"end":{"line":133,"column":48}},{"start":{"line":133,"column":51},"end":{"line":133,"column":60}}],"line":133},"2":{"loc":{"start":{"line":137,"column":17},"end":{"line":137,"column":58}},"type":"cond-expr","locations":[{"start":{"line":137,"column":31},"end":{"line":137,"column":46}},{"start":{"line":137,"column":49},"end":{"line":137,"column":58}}],"line":137}},"s":{"0":8,"1":2,"2":8,"3":6,"4":6,"5":6,"6":6,"7":6,"8":66,"9":2,"10":2,"11":6,"12":2,"13":6,"14":2,"15":2,"16":0,"17":2,"18":6,"19":66},"f":{"0":2,"1":6,"2":66,"3":2,"4":2,"5":2,"6":66},"b":{"0":[2,0],"1":[42,24],"2":[42,24]},"_coverageSchema":"1a1c01bbd47fc00a2c39e90264f33305004495a9","hash":"2772c3542861bd1dd3d2e07922a1124c9e27ac5f"}
,"C:\\Users\\Giani\\Desktop\\Work\\Programming\\Rama\\final-project\\src\\component\\GeneralDetail.js": {"path":"C:\\Users\\Giani\\Desktop\\Work\\Programming\\Rama\\final-project\\src\\component\\GeneralDetail.js","statementMap":{"0":{"start":{"line":6,"column":18},"end":{"line":12,"column":3}},"1":{"start":{"line":6,"column":41},"end":{"line":12,"column":1}},"2":{"start":{"line":15,"column":18},"end":{"line":15,"column":29}},"3":{"start":{"line":17,"column":2},"end":{"line":85,"column":4}}},"fnMap":{"0":{"name":"(anonymous_0)","decl":{"start":{"line":6,"column":29},"end":{"line":6,"column":30}},"loc":{"start":{"line":6,"column":41},"end":{"line":12,"column":1}},"line":6},"1":{"name":"GeneralDetails","decl":{"start":{"line":14,"column":9},"end":{"line":14,"column":23}},"loc":{"start":{"line":14,"column":44},"end":{"line":86,"column":1}},"line":14}},"branchMap":{"0":{"loc":{"start":{"line":28,"column":15},"end":{"line":28,"column":38}},"type":"binary-expr","locations":[{"start":{"line":28,"column":15},"end":{"line":28,"column":27}},{"start":{"line":28,"column":31},"end":{"line":28,"column":38}}],"line":28},"1":{"loc":{"start":{"line":38,"column":15},"end":{"line":38,"column":38}},"type":"binary-expr","locations":[{"start":{"line":38,"column":15},"end":{"line":38,"column":31}},{"start":{"line":38,"column":35},"end":{"line":38,"column":38}}],"line":38},"2":{"loc":{"start":{"line":48,"column":15},"end":{"line":48,"column":38}},"type":"binary-expr","locations":[{"start":{"line":48,"column":15},"end":{"line":48,"column":31}},{"start":{"line":48,"column":35},"end":{"line":48,"column":38}}],"line":48},"3":{"loc":{"start":{"line":60,"column":47},"end":{"line":60,"column":66}},"type":"binary-expr","locations":[{"start":{"line":60,"column":47},"end":{"line":60,"column":59}},{"start":{"line":60,"column":63},"end":{"line":60,"column":66}}],"line":60},"4":{"loc":{"start":{"line":69,"column":15},"end":{"line":69,"column":39}},"type":"binary-expr","locations":[{"start":{"line":69,"column":15},"end":{"line":69,"column":32}},{"start":{"line":69,"column":36},"end":{"line":69,"column":39}}],"line":69},"5":{"loc":{"start":{"line":79,"column":15},"end":{"line":79,"column":39}},"type":"binary-expr","locations":[{"start":{"line":79,"column":15},"end":{"line":79,"column":32}},{"start":{"line":79,"column":36},"end":{"line":79,"column":39}}],"line":79}},"s":{"0":8,"1":3,"2":3,"3":3},"f":{"0":3,"1":3},"b":{"0":[3,1],"1":[3,1],"2":[3,1],"3":[3,1],"4":[3,1],"5":[3,1]},"_coverageSchema":"1a1c01bbd47fc00a2c39e90264f33305004495a9","hash":"2de7118898c9be91ee19971f0fb9c4944e7255be"}
,"C:\\Users\\Giani\\Desktop\\Work\\Programming\\Rama\\final-project\\src\\component\\ListItemLink.js": {"path":"C:\\Users\\Giani\\Desktop\\Work\\Programming\\Rama\\final-project\\src\\component\\ListItemLink.js","statementMap":{"0":{"start":{"line":10,"column":18},"end":{"line":17,"column":3}},"1":{"start":{"line":10,"column":41},"end":{"line":17,"column":1}},"2":{"start":{"line":19,"column":18},"end":{"line":19,"column":29}},"3":{"start":{"line":20,"column":55},"end":{"line":20,"column":60}},"4":{"start":{"line":22,"column":19},"end":{"line":22,"column":49}},"5":{"start":{"line":24,"column":2},"end":{"line":39,"column":4}},"6":{"start":{"line":42,"column":0},"end":{"line":45,"column":2}}},"fnMap":{"0":{"name":"(anonymous_0)","decl":{"start":{"line":10,"column":29},"end":{"line":10,"column":30}},"loc":{"start":{"line":10,"column":41},"end":{"line":17,"column":1}},"line":10},"1":{"name":"ListItemLink","decl":{"start":{"line":18,"column":9},"end":{"line":18,"column":21}},"loc":{"start":{"line":18,"column":29},"end":{"line":40,"column":1}},"line":18}},"branchMap":{"0":{"loc":{"start":{"line":27,"column":18},"end":{"line":27,"column":50}},"type":"cond-expr","locations":[{"start":{"line":27,"column":29},"end":{"line":27,"column":45}},{"start":{"line":27,"column":48},"end":{"line":27,"column":50}}],"line":27},"1":{"loc":{"start":{"line":37,"column":7},"end":{"line":37,"column":67}},"type":"cond-expr","locations":[{"start":{"line":37,"column":22},"end":{"line":37,"column":60}},{"start":{"line":37,"column":63},"end":{"line":37,"column":67}}],"line":37},"2":{"loc":{"start":{"line":37,"column":22},"end":{"line":37,"column":60}},"type":"cond-expr","locations":[{"start":{"line":37,"column":29},"end":{"line":37,"column":43}},{"start":{"line":37,"column":46},"end":{"line":37,"column":60}}],"line":37}},"s":{"0":6,"1":7,"2":18,"3":18,"4":18,"5":18,"6":6},"f":{"0":7,"1":18},"b":{"0":[1,17],"1":[3,15],"2":[1,2]},"_coverageSchema":"1a1c01bbd47fc00a2c39e90264f33305004495a9","hash":"c68c8b01084621d472335909147f437595d84c98"}
,"C:\\Users\\Giani\\Desktop\\Work\\Programming\\Rama\\final-project\\src\\component\\Logs.js": {"path":"C:\\Users\\Giani\\Desktop\\Work\\Programming\\Rama\\final-project\\src\\component\\Logs.js","statementMap":{"0":{"start":{"line":9,"column":18},"end":{"line":26,"column":3}},"1":{"start":{"line":9,"column":41},"end":{"line":26,"column":1}},"2":{"start":{"line":29,"column":18},"end":{"line":29,"column":29}},"3":{"start":{"line":31,"column":2},"end":{"line":54,"column":4}},"4":{"start":{"line":36,"column":14},"end":{"line":49,"column":20}}},"fnMap":{"0":{"name":"(anonymous_0)","decl":{"start":{"line":9,"column":29},"end":{"line":9,"column":30}},"loc":{"start":{"line":9,"column":41},"end":{"line":26,"column":1}},"line":9},"1":{"name":"GeneralDetails","decl":{"start":{"line":28,"column":9},"end":{"line":28,"column":23}},"loc":{"start":{"line":28,"column":50},"end":{"line":55,"column":1}},"line":28},"2":{"name":"(anonymous_2)","decl":{"start":{"line":35,"column":21},"end":{"line":35,"column":22}},"loc":{"start":{"line":36,"column":14},"end":{"line":49,"column":20}},"line":36}},"branchMap":{"0":{"loc":{"start":{"line":34,"column":9},"end":{"line":51,"column":35}},"type":"cond-expr","locations":[{"start":{"line":35,"column":12},"end":{"line":50,"column":14}},{"start":{"line":51,"column":12},"end":{"line":51,"column":35}}],"line":34},"1":{"loc":{"start":{"line":34,"column":9},"end":{"line":34,"column":28}},"type":"binary-expr","locations":[{"start":{"line":34,"column":9},"end":{"line":34,"column":13}},{"start":{"line":34,"column":17},"end":{"line":34,"column":28}}],"line":34},"2":{"loc":{"start":{"line":38,"column":19},"end":{"line":42,"column":19}},"type":"cond-expr","locations":[{"start":{"line":39,"column":20},"end":{"line":39,"column":64}},{"start":{"line":41,"column":20},"end":{"line":41,"column":62}}],"line":38},"3":{"loc":{"start":{"line":44,"column":37},"end":{"line":44,"column":69}},"type":"cond-expr","locations":[{"start":{"line":44,"column":50},"end":{"line":44,"column":59}},{"start":{"line":44,"column":62},"end":{"line":44,"column":69}}],"line":44}},"s":{"0":8,"1":2,"2":2,"3":2,"4":3},"f":{"0":2,"1":2,"2":3},"b":{"0":[1,1],"1":[2,2],"2":[2,1],"3":[2,1]},"_coverageSchema":"1a1c01bbd47fc00a2c39e90264f33305004495a9","hash":"ac1579f8674d8ba2b87e70e6575f4369964581cd"}
,"C:\\Users\\Giani\\Desktop\\Work\\Programming\\Rama\\final-project\\src\\component\\MainPage.js": {"path":"C:\\Users\\Giani\\Desktop\\Work\\Programming\\Rama\\final-project\\src\\component\\MainPage.js","statementMap":{"0":{"start":{"line":8,"column":20},"end":{"line":8,"column":29}},"1":{"start":{"line":9,"column":43},"end":{"line":9,"column":48}},"2":{"start":{"line":11,"column":4},"end":{"line":17,"column":6}}},"fnMap":{"0":{"name":"MainPage","decl":{"start":{"line":7,"column":9},"end":{"line":7,"column":17}},"loc":{"start":{"line":7,"column":25},"end":{"line":18,"column":1}},"line":7}},"branchMap":{},"s":{"0":3,"1":3,"2":3},"f":{"0":3},"b":{},"_coverageSchema":"1a1c01bbd47fc00a2c39e90264f33305004495a9","hash":"f51657d4d59471ae0be1e221d8b70fffe36feefc"}
,"C:\\Users\\Giani\\Desktop\\Work\\Programming\\Rama\\final-project\\src\\component\\MiniDrawer.js": {"path":"C:\\Users\\Giani\\Desktop\\Work\\Programming\\Rama\\final-project\\src\\component\\MiniDrawer.js","statementMap":{"0":{"start":{"line":30,"column":18},"end":{"line":30,"column":29}},"1":{"start":{"line":31,"column":16},"end":{"line":31,"column":26}},"2":{"start":{"line":32,"column":41},"end":{"line":32,"column":46}},"3":{"start":{"line":34,"column":2},"end":{"line":139,"column":4}},"4":{"start":{"line":127,"column":14},"end":{"line":132,"column":31}}},"fnMap":{"0":{"name":"MiniDrawer","decl":{"start":{"line":29,"column":9},"end":{"line":29,"column":19}},"loc":{"start":{"line":29,"column":27},"end":{"line":140,"column":1}},"line":29},"1":{"name":"(anonymous_1)","decl":{"start":{"line":126,"column":28},"end":{"line":126,"column":29}},"loc":{"start":{"line":127,"column":14},"end":{"line":132,"column":31}},"line":127}},"branchMap":{"0":{"loc":{"start":{"line":67,"column":11},"end":{"line":81,"column":11}},"type":"binary-expr","locations":[{"start":{"line":67,"column":11},"end":{"line":67,"column":23}},{"start":{"line":68,"column":12},"end":{"line":80,"column":18}}],"line":67},"1":{"loc":{"start":{"line":115,"column":13},"end":{"line":119,"column":13}},"type":"cond-expr","locations":[{"start":{"line":116,"column":14},"end":{"line":116,"column":52}},{"start":{"line":118,"column":14},"end":{"line":118,"column":51}}],"line":115}},"s":{"0":5,"1":5,"2":5,"3":5,"4":15},"f":{"0":5,"1":15},"b":{"0":[5,4],"1":[0,5]},"_coverageSchema":"1a1c01bbd47fc00a2c39e90264f33305004495a9","hash":"55f778d0fa38d8be16419548020c620521c6b754"}
,"C:\\Users\\Giani\\Desktop\\Work\\Programming\\Rama\\final-project\\src\\component\\RepaveTimeline.js": {"path":"C:\\Users\\Giani\\Desktop\\Work\\Programming\\Rama\\final-project\\src\\component\\RepaveTimeline.js","statementMap":{"0":{"start":{"line":28,"column":18},"end":{"line":60,"column":3}},"1":{"start":{"line":28,"column":41},"end":{"line":60,"column":1}},"2":{"start":{"line":61,"column":13},"end":{"line":70,"column":1}},"3":{"start":{"line":72,"column":18},"end":{"line":72,"column":29}},"4":{"start":{"line":74,"column":2},"end":{"line":105,"column":4}},"5":{"start":{"line":87,"column":18},"end":{"line":93,"column":24}}},"fnMap":{"0":{"name":"(anonymous_0)","decl":{"start":{"line":28,"column":29},"end":{"line":28,"column":30}},"loc":{"start":{"line":28,"column":41},"end":{"line":60,"column":1}},"line":28},"1":{"name":"GeneralDetails","decl":{"start":{"line":71,"column":9},"end":{"line":71,"column":23}},"loc":{"start":{"line":71,"column":38},"end":{"line":106,"column":1}},"line":71},"2":{"name":"(anonymous_2)","decl":{"start":{"line":86,"column":26},"end":{"line":86,"column":27}},"loc":{"start":{"line":87,"column":18},"end":{"line":93,"column":24}},"line":87}},"branchMap":{},"s":{"0":1,"1":1,"2":1,"3":1,"4":1,"5":1},"f":{"0":1,"1":1,"2":1},"b":{},"_coverageSchema":"1a1c01bbd47fc00a2c39e90264f33305004495a9","hash":"4be4e127217f1de599537af03355e35473facfd2"}
,"C:\\Users\\Giani\\Desktop\\Work\\Programming\\Rama\\final-project\\src\\component\\Routing.js": {"path":"C:\\Users\\Giani\\Desktop\\Work\\Programming\\Rama\\final-project\\src\\component\\Routing.js","statementMap":{"0":{"start":{"line":14,"column":23},"end":{"line":47,"column":1}},"1":{"start":{"line":15,"column":45},"end":{"line":15,"column":56}},"2":{"start":{"line":16,"column":26},"end":{"line":16,"column":31}},"3":{"start":{"line":18,"column":2},"end":{"line":46,"column":4}}},"fnMap":{"0":{"name":"(anonymous_0)","decl":{"start":{"line":14,"column":23},"end":{"line":14,"column":24}},"loc":{"start":{"line":14,"column":34},"end":{"line":47,"column":1}},"line":14}},"branchMap":{},"s":{"0":3,"1":4,"2":4,"3":4},"f":{"0":4},"b":{},"_coverageSchema":"1a1c01bbd47fc00a2c39e90264f33305004495a9","hash":"bc3973dd1f57a2aeb45e005d7fbd6784e36d87d9"}
,"C:\\Users\\Giani\\Desktop\\Work\\Programming\\Rama\\final-project\\src\\component\\SimpleAppBar.js": {"path":"C:\\Users\\Giani\\Desktop\\Work\\Programming\\Rama\\final-project\\src\\component\\SimpleAppBar.js","statementMap":{"0":{"start":{"line":8,"column":18},"end":{"line":12,"column":2}},"1":{"start":{"line":15,"column":18},"end":{"line":15,"column":29}},"2":{"start":{"line":17,"column":2},"end":{"line":27,"column":4}}},"fnMap":{"0":{"name":"SimpleAppBar","decl":{"start":{"line":14,"column":24},"end":{"line":14,"column":36}},"loc":{"start":{"line":14,"column":39},"end":{"line":28,"column":1}},"line":14}},"branchMap":{},"s":{"0":4,"1":5,"2":5},"f":{"0":5},"b":{},"_coverageSchema":"1a1c01bbd47fc00a2c39e90264f33305004495a9","hash":"0fd0d58c4f77dc40cf765e7bdb83a86f1dfc8a4b"}
,"C:\\Users\\Giani\\Desktop\\Work\\Programming\\Rama\\final-project\\src\\component\\Universal\\confirm-alert-dialog.js": {"path":"C:\\Users\\Giani\\Desktop\\Work\\Programming\\Rama\\final-project\\src\\component\\Universal\\confirm-alert-dialog.js","statementMap":{"0":{"start":{"line":18,"column":2},"end":{"line":46,"column":4}}},"fnMap":{"0":{"name":"ConfirmAlertDialog","decl":{"start":{"line":11,"column":24},"end":{"line":11,"column":42}},"loc":{"start":{"line":17,"column":3},"end":{"line":47,"column":1}},"line":17}},"branchMap":{"0":{"loc":{"start":{"line":27,"column":11},"end":{"line":27,"column":45}},"type":"binary-expr","locations":[{"start":{"line":27,"column":11},"end":{"line":27,"column":16}},{"start":{"line":27,"column":20},"end":{"line":27,"column":45}}],"line":27},"1":{"loc":{"start":{"line":31,"column":13},"end":{"line":33,"column":67}},"type":"binary-expr","locations":[{"start":{"line":31,"column":13},"end":{"line":31,"column":21}},{"start":{"line":32,"column":14},"end":{"line":33,"column":67}}],"line":31}},"s":{"0":22},"f":{"0":22},"b":{"0":[22,19],"1":[22,22]},"_coverageSchema":"1a1c01bbd47fc00a2c39e90264f33305004495a9","hash":"3af1c1627374b1bbad0d7fa9a3826af7772dadb8"}
,"C:\\Users\\Giani\\Desktop\\Work\\Programming\\Rama\\final-project\\src\\component\\Universal\\table_attributes.js": {"path":"C:\\Users\\Giani\\Desktop\\Work\\Programming\\Rama\\final-project\\src\\component\\Universal\\table_attributes.js","statementMap":{"0":{"start":{"line":20,"column":27},"end":{"line":20,"column":38}},"1":{"start":{"line":22,"column":19},"end":{"line":41,"column":1}},"2":{"start":{"line":23,"column":36},"end":{"line":23,"column":102}},"3":{"start":{"line":24,"column":38},"end":{"line":24,"column":101}},"4":{"start":{"line":25,"column":38},"end":{"line":25,"column":109}},"5":{"start":{"line":26,"column":39},"end":{"line":26,"column":118}},"6":{"start":{"line":27,"column":44},"end":{"line":27,"column":114}},"7":{"start":{"line":28,"column":37},"end":{"line":28,"column":107}},"8":{"start":{"line":29,"column":39},"end":{"line":29,"column":104}},"9":{"start":{"line":30,"column":39},"end":{"line":30,"column":107}},"10":{"start":{"line":31,"column":42},"end":{"line":31,"column":93}},"11":{"start":{"line":32,"column":41},"end":{"line":32,"column":91}},"12":{"start":{"line":33,"column":41},"end":{"line":33,"column":95}},"13":{"start":{"line":34,"column":45},"end":{"line":34,"column":98}},"14":{"start":{"line":35,"column":44},"end":{"line":35,"column":107}},"15":{"start":{"line":36,"column":39},"end":{"line":36,"column":103}},"16":{"start":{"line":37,"column":42},"end":{"line":37,"column":95}},"17":{"start":{"line":38,"column":48},"end":{"line":38,"column":96}},"18":{"start":{"line":39,"column":43},"end":{"line":39,"column":95}},"19":{"start":{"line":40,"column":41},"end":{"line":40,"column":107}},"20":{"start":{"line":43,"column":23},"end":{"line":65,"column":1}}},"fnMap":{"0":{"name":"(anonymous_0)","decl":{"start":{"line":23,"column":20},"end":{"line":23,"column":21}},"loc":{"start":{"line":23,"column":36},"end":{"line":23,"column":102}},"line":23},"1":{"name":"(anonymous_1)","decl":{"start":{"line":24,"column":22},"end":{"line":24,"column":23}},"loc":{"start":{"line":24,"column":38},"end":{"line":24,"column":101}},"line":24},"2":{"name":"(anonymous_2)","decl":{"start":{"line":25,"column":22},"end":{"line":25,"column":23}},"loc":{"start":{"line":25,"column":38},"end":{"line":25,"column":109}},"line":25},"3":{"name":"(anonymous_3)","decl":{"start":{"line":26,"column":23},"end":{"line":26,"column":24}},"loc":{"start":{"line":26,"column":39},"end":{"line":26,"column":118}},"line":26},"4":{"name":"(anonymous_4)","decl":{"start":{"line":27,"column":28},"end":{"line":27,"column":29}},"loc":{"start":{"line":27,"column":44},"end":{"line":27,"column":114}},"line":27},"5":{"name":"(anonymous_5)","decl":{"start":{"line":28,"column":21},"end":{"line":28,"column":22}},"loc":{"start":{"line":28,"column":37},"end":{"line":28,"column":107}},"line":28},"6":{"name":"(anonymous_6)","decl":{"start":{"line":29,"column":23},"end":{"line":29,"column":24}},"loc":{"start":{"line":29,"column":39},"end":{"line":29,"column":104}},"line":29},"7":{"name":"(anonymous_7)","decl":{"start":{"line":30,"column":23},"end":{"line":30,"column":24}},"loc":{"start":{"line":30,"column":39},"end":{"line":30,"column":107}},"line":30},"8":{"name":"(anonymous_8)","decl":{"start":{"line":31,"column":26},"end":{"line":31,"column":27}},"loc":{"start":{"line":31,"column":42},"end":{"line":31,"column":93}},"line":31},"9":{"name":"(anonymous_9)","decl":{"start":{"line":32,"column":25},"end":{"line":32,"column":26}},"loc":{"start":{"line":32,"column":41},"end":{"line":32,"column":91}},"line":32},"10":{"name":"(anonymous_10)","decl":{"start":{"line":33,"column":25},"end":{"line":33,"column":26}},"loc":{"start":{"line":33,"column":41},"end":{"line":33,"column":95}},"line":33},"11":{"name":"(anonymous_11)","decl":{"start":{"line":34,"column":29},"end":{"line":34,"column":30}},"loc":{"start":{"line":34,"column":45},"end":{"line":34,"column":98}},"line":34},"12":{"name":"(anonymous_12)","decl":{"start":{"line":35,"column":28},"end":{"line":35,"column":29}},"loc":{"start":{"line":35,"column":44},"end":{"line":35,"column":107}},"line":35},"13":{"name":"(anonymous_13)","decl":{"start":{"line":36,"column":23},"end":{"line":36,"column":24}},"loc":{"start":{"line":36,"column":39},"end":{"line":36,"column":103}},"line":36},"14":{"name":"(anonymous_14)","decl":{"start":{"line":37,"column":26},"end":{"line":37,"column":27}},"loc":{"start":{"line":37,"column":42},"end":{"line":37,"column":95}},"line":37},"15":{"name":"(anonymous_15)","decl":{"start":{"line":38,"column":32},"end":{"line":38,"column":33}},"loc":{"start":{"line":38,"column":48},"end":{"line":38,"column":96}},"line":38},"16":{"name":"(anonymous_16)","decl":{"start":{"line":39,"column":27},"end":{"line":39,"column":28}},"loc":{"start":{"line":39,"column":43},"end":{"line":39,"column":95}},"line":39},"17":{"name":"(anonymous_17)","decl":{"start":{"line":40,"column":25},"end":{"line":40,"column":26}},"loc":{"start":{"line":40,"column":41},"end":{"line":40,"column":107}},"line":40}},"branchMap":{},"s":{"0":9,"1":9,"2":1,"3":1,"4":1,"5":1,"6":101,"7":1,"8":19,"9":1,"10":17,"11":17,"12":17,"13":17,"14":19,"15":19,"16":133,"17":1,"18":1,"19":1,"20":9},"f":{"0":1,"1":1,"2":1,"3":1,"4":101,"5":1,"6":19,"7":1,"8":17,"9":17,"10":17,"11":17,"12":19,"13":19,"14":133,"15":1,"16":1,"17":1},"b":{},"_coverageSchema":"1a1c01bbd47fc00a2c39e90264f33305004495a9","hash":"e1f322a0de118d07ec13e57e72d77d7bcdf6a58b"}
,"C:\\Users\\Giani\\Desktop\\Work\\Programming\\Rama\\final-project\\src\\component\\Universal\\toast-message.js": {"path":"C:\\Users\\Giani\\Desktop\\Work\\Programming\\Rama\\final-project\\src\\component\\Universal\\toast-message.js","statementMap":{"0":{"start":{"line":14,"column":20},"end":{"line":19,"column":1}},"1":{"start":{"line":21,"column":19},"end":{"line":49,"column":3}},"2":{"start":{"line":21,"column":42},"end":{"line":49,"column":1}},"3":{"start":{"line":52,"column":18},"end":{"line":52,"column":30}},"4":{"start":{"line":53,"column":61},"end":{"line":53,"column":66}},"5":{"start":{"line":54,"column":15},"end":{"line":54,"column":35}},"6":{"start":{"line":56,"column":2},"end":{"line":78,"column":4}},"7":{"start":{"line":82,"column":23},"end":{"line":82,"column":60}},"8":{"start":{"line":84,"column":2},"end":{"line":87,"column":5}},"9":{"start":{"line":85,"column":4},"end":{"line":85,"column":44}},"10":{"start":{"line":85,"column":18},"end":{"line":85,"column":42}},"11":{"start":{"line":85,"column":38},"end":{"line":85,"column":42}},"12":{"start":{"line":90,"column":4},"end":{"line":92,"column":5}},"13":{"start":{"line":91,"column":6},"end":{"line":91,"column":13}},"14":{"start":{"line":93,"column":4},"end":{"line":96,"column":7}},"15":{"start":{"line":99,"column":37},"end":{"line":99,"column":62}},"16":{"start":{"line":101,"column":2},"end":{"line":117,"column":4}}},"fnMap":{"0":{"name":"(anonymous_0)","decl":{"start":{"line":21,"column":30},"end":{"line":21,"column":31}},"loc":{"start":{"line":21,"column":42},"end":{"line":49,"column":1}},"line":21},"1":{"name":"ToastMessageWrapper","decl":{"start":{"line":51,"column":9},"end":{"line":51,"column":28}},"loc":{"start":{"line":51,"column":36},"end":{"line":79,"column":1}},"line":51},"2":{"name":"ToastMessage","decl":{"start":{"line":81,"column":24},"end":{"line":81,"column":36}},"loc":{"start":{"line":81,"column":44},"end":{"line":118,"column":1}},"line":81},"3":{"name":"(anonymous_3)","decl":{"start":{"line":84,"column":12},"end":{"line":84,"column":13}},"loc":{"start":{"line":84,"column":18},"end":{"line":87,"column":3}},"line":84},"4":{"name":"(anonymous_4)","decl":{"start":{"line":85,"column":11},"end":{"line":85,"column":12}},"loc":{"start":{"line":85,"column":18},"end":{"line":85,"column":42}},"line":85},"5":{"name":"(anonymous_5)","decl":{"start":{"line":85,"column":32},"end":{"line":85,"column":33}},"loc":{"start":{"line":85,"column":38},"end":{"line":85,"column":42}},"line":85},"6":{"name":"handleClose","decl":{"start":{"line":89,"column":11},"end":{"line":89,"column":22}},"loc":{"start":{"line":89,"column":38},"end":{"line":97,"column":3}},"line":89}},"branchMap":{"0":{"loc":{"start":{"line":90,"column":4},"end":{"line":92,"column":5}},"type":"if","locations":[{"start":{"line":90,"column":4},"end":{"line":92,"column":5}},{"start":{},"end":{}}],"line":90}},"s":{"0":1,"1":1,"2":1,"3":4,"4":4,"5":4,"6":4,"7":5,"8":5,"9":5,"10":5,"11":0,"12":1,"13":0,"14":1,"15":5,"16":5},"f":{"0":1,"1":4,"2":5,"3":5,"4":5,"5":0,"6":1},"b":{"0":[0,1]},"_coverageSchema":"1a1c01bbd47fc00a2c39e90264f33305004495a9","hash":"d3d5336d931fdf132ecb9544259faaa6b43bce8c"}
,"C:\\Users\\Giani\\Desktop\\Work\\Programming\\Rama\\final-project\\src\\container\\ListItemLinkContainer.js": {"path":"C:\\Users\\Giani\\Desktop\\Work\\Programming\\Rama\\final-project\\src\\container\\ListItemLinkContainer.js","statementMap":{"0":{"start":{"line":7,"column":16},"end":{"line":7,"column":25}},"1":{"start":{"line":11,"column":8},"end":{"line":11,"column":21}},"2":{"start":{"line":12,"column":8},"end":{"line":14,"column":9}},"3":{"start":{"line":18,"column":18},"end":{"line":22,"column":5}},"4":{"start":{"line":19,"column":8},"end":{"line":21,"column":10}},"5":{"start":{"line":25,"column":28},"end":{"line":25,"column":38}},"6":{"start":{"line":27,"column":8},"end":{"line":65,"column":9}},"7":{"start":{"line":54,"column":28},"end":{"line":60,"column":61}}},"fnMap":{"0":{"name":"(anonymous_0)","decl":{"start":{"line":10,"column":4},"end":{"line":10,"column":5}},"loc":{"start":{"line":10,"column":23},"end":{"line":16,"column":5}},"line":10},"1":{"name":"(anonymous_1)","decl":{"start":{"line":18,"column":18},"end":{"line":18,"column":19}},"loc":{"start":{"line":18,"column":25},"end":{"line":22,"column":5}},"line":18},"2":{"name":"(anonymous_2)","decl":{"start":{"line":24,"column":4},"end":{"line":24,"column":5}},"loc":{"start":{"line":24,"column":13},"end":{"line":66,"column":5}},"line":24},"3":{"name":"(anonymous_3)","decl":{"start":{"line":53,"column":45},"end":{"line":53,"column":46}},"loc":{"start":{"line":54,"column":28},"end":{"line":60,"column":61}},"line":54}},"branchMap":{"0":{"loc":{"start":{"line":29,"column":17},"end":{"line":48,"column":21}},"type":"cond-expr","locations":[{"start":{"line":31,"column":24},"end":{"line":38,"column":57}},{"start":{"line":42,"column":24},"end":{"line":47,"column":50}}],"line":29}},"s":{"0":5,"1":14,"2":14,"3":14,"4":1,"5":15,"6":15,"7":4},"f":{"0":14,"1":1,"2":15,"3":4},"b":{"0":[2,13]},"_coverageSchema":"1a1c01bbd47fc00a2c39e90264f33305004495a9","hash":"e9fd187d18922b3649a6c314d5a6bc8874ec1688"}
,"C:\\Users\\Giani\\Desktop\\Work\\Programming\\Rama\\final-project\\src\\container\\MainPageContainer.js": {"path":"C:\\Users\\Giani\\Desktop\\Work\\Programming\\Rama\\final-project\\src\\container\\MainPageContainer.js","statementMap":{"0":{"start":{"line":8,"column":4},"end":{"line":8,"column":17}},"1":{"start":{"line":9,"column":4},"end":{"line":11,"column":6}},"2":{"start":{"line":14,"column":18},"end":{"line":18,"column":3}},"3":{"start":{"line":15,"column":4},"end":{"line":17,"column":7}},"4":{"start":{"line":21,"column":4},"end":{"line":27,"column":6}}},"fnMap":{"0":{"name":"(anonymous_0)","decl":{"start":{"line":7,"column":2},"end":{"line":7,"column":3}},"loc":{"start":{"line":7,"column":21},"end":{"line":12,"column":3}},"line":7},"1":{"name":"(anonymous_1)","decl":{"start":{"line":14,"column":18},"end":{"line":14,"column":19}},"loc":{"start":{"line":14,"column":25},"end":{"line":18,"column":3}},"line":14},"2":{"name":"(anonymous_2)","decl":{"start":{"line":20,"column":2},"end":{"line":20,"column":3}},"loc":{"start":{"line":20,"column":11},"end":{"line":28,"column":3}},"line":20}},"branchMap":{},"s":{"0":1,"1":1,"2":1,"3":1,"4":2},"f":{"0":1,"1":1,"2":2},"b":{},"_coverageSchema":"1a1c01bbd47fc00a2c39e90264f33305004495a9","hash":"b5b98c42466412d361e945e3eeb93d04518db4f7"}
,"C:\\Users\\Giani\\Desktop\\Work\\Programming\\Rama\\final-project\\src\\container\\MiniDrawerContainer.js": {"path":"C:\\Users\\Giani\\Desktop\\Work\\Programming\\Rama\\final-project\\src\\container\\MiniDrawerContainer.js","statementMap":{"0":{"start":{"line":6,"column":4},"end":{"line":6,"column":17}},"1":{"start":{"line":7,"column":4},"end":{"line":9,"column":6}},"2":{"start":{"line":19,"column":42},"end":{"line":19,"column":52}},"3":{"start":{"line":20,"column":4},"end":{"line":27,"column":6}}},"fnMap":{"0":{"name":"(anonymous_0)","decl":{"start":{"line":5,"column":2},"end":{"line":5,"column":3}},"loc":{"start":{"line":5,"column":21},"end":{"line":10,"column":3}},"line":5},"1":{"name":"(anonymous_1)","decl":{"start":{"line":18,"column":2},"end":{"line":18,"column":3}},"loc":{"start":{"line":18,"column":11},"end":{"line":28,"column":3}},"line":18}},"branchMap":{},"s":{"0":3,"1":3,"2":4,"3":4},"f":{"0":3,"1":4},"b":{},"_coverageSchema":"1a1c01bbd47fc00a2c39e90264f33305004495a9","hash":"3d103fc6ea9291a1c4b503cac302458e288f73b1"}
,"C:\\Users\\Giani\\Desktop\\Work\\Programming\\Rama\\final-project\\src\\lib\\utils.js": {"path":"C:\\Users\\Giani\\Desktop\\Work\\Programming\\Rama\\final-project\\src\\lib\\utils.js","statementMap":{"0":{"start":{"line":1,"column":34},"end":{"line":3,"column":1}},"1":{"start":{"line":2,"column":2},"end":{"line":2,"column":15}}},"fnMap":{"0":{"name":"(anonymous_0)","decl":{"start":{"line":1,"column":34},"end":{"line":1,"column":35}},"loc":{"start":{"line":1,"column":40},"end":{"line":3,"column":1}},"line":1}},"branchMap":{},"s":{"0":8,"1":14},"f":{"0":14},"b":{},"_coverageSchema":"1a1c01bbd47fc00a2c39e90264f33305004495a9","hash":"879619f7d7e33fed89bbfe5fa4cf8fd76a706393"}
,"C:\\Users\\Giani\\Desktop\\Work\\Programming\\Rama\\final-project\\src\\lib\\contexts\\message.context.js": {"path":"C:\\Users\\Giani\\Desktop\\Work\\Programming\\Rama\\final-project\\src\\lib\\contexts\\message.context.js","statementMap":{"0":{"start":{"line":3,"column":35},"end":{"line":3,"column":52}},"1":{"start":{"line":6,"column":49},"end":{"line":10,"column":6}},"2":{"start":{"line":12,"column":29},"end":{"line":18,"column":5}},"3":{"start":{"line":13,"column":8},"end":{"line":17,"column":10}},"4":{"start":{"line":19,"column":28},"end":{"line":19,"column":62}},"5":{"start":{"line":20,"column":4},"end":{"line":24,"column":6}}},"fnMap":{"0":{"name":"ToastMessageProvider","decl":{"start":{"line":5,"column":24},"end":{"line":5,"column":44}},"loc":{"start":{"line":5,"column":59},"end":{"line":25,"column":1}},"line":5},"1":{"name":"(anonymous_1)","decl":{"start":{"line":12,"column":29},"end":{"line":12,"column":30}},"loc":{"start":{"line":12,"column":39},"end":{"line":18,"column":5}},"line":12}},"branchMap":{},"s":{"0":11,"1":6,"2":6,"3":3,"4":6,"5":6},"f":{"0":6,"1":3},"b":{},"_coverageSchema":"1a1c01bbd47fc00a2c39e90264f33305004495a9","hash":"2ec06feb46650162c6ea4575dec6167130bdcde2"}
,"C:\\Users\\Giani\\Desktop\\Work\\Programming\\Rama\\final-project\\src\\pages\\DepartmentSetupPage.js": {"path":"C:\\Users\\Giani\\Desktop\\Work\\Programming\\Rama\\final-project\\src\\pages\\DepartmentSetupPage.js","statementMap":{"0":{"start":{"line":16,"column":35},"end":{"line":113,"column":1}},"1":{"start":{"line":17,"column":15},"end":{"line":24,"column":3}},"2":{"start":{"line":25,"column":20},"end":{"line":34,"column":5}},"3":{"start":{"line":25,"column":43},"end":{"line":34,"column":3}},"4":{"start":{"line":35,"column":23},"end":{"line":64,"column":3}},"5":{"start":{"line":66,"column":18},"end":{"line":66,"column":29}},"6":{"start":{"line":68,"column":26},"end":{"line":68,"column":38}},"7":{"start":{"line":70,"column":2},"end":{"line":112,"column":4}}},"fnMap":{"0":{"name":"(anonymous_0)","decl":{"start":{"line":16,"column":35},"end":{"line":16,"column":36}},"loc":{"start":{"line":16,"column":41},"end":{"line":113,"column":1}},"line":16},"1":{"name":"(anonymous_1)","decl":{"start":{"line":25,"column":31},"end":{"line":25,"column":32}},"loc":{"start":{"line":25,"column":43},"end":{"line":34,"column":3}},"line":25}},"branchMap":{},"s":{"0":7,"1":1,"2":1,"3":1,"4":1,"5":1,"6":1,"7":1},"f":{"0":1,"1":1},"b":{},"_coverageSchema":"1a1c01bbd47fc00a2c39e90264f33305004495a9","hash":"14470e2e8723e56cfe225f407e9831b77be1149f"}
,"C:\\Users\\Giani\\Desktop\\Work\\Programming\\Rama\\final-project\\src\\pages\\repave.js": {"path":"C:\\Users\\Giani\\Desktop\\Work\\Programming\\Rama\\final-project\\src\\pages\\repave.js","statementMap":{"0":{"start":{"line":34,"column":18},"end":{"line":60,"column":3}},"1":{"start":{"line":34,"column":41},"end":{"line":60,"column":1}},"2":{"start":{"line":62,"column":26},"end":{"line":199,"column":1}},"3":{"start":{"line":63,"column":34},"end":{"line":63,"column":46}},"4":{"start":{"line":64,"column":38},"end":{"line":64,"column":50}},"5":{"start":{"line":65,"column":40},"end":{"line":65,"column":52}},"6":{"start":{"line":66,"column":46},"end":{"line":66,"column":58}},"7":{"start":{"line":67,"column":19},"end":{"line":67,"column":27}},"8":{"start":{"line":68,"column":34},"end":{"line":68,"column":51}},"9":{"start":{"line":69,"column":18},"end":{"line":69,"column":29}},"10":{"start":{"line":70,"column":40},"end":{"line":70,"column":54}},"11":{"start":{"line":71,"column":42},"end":{"line":71,"column":70}},"12":{"start":{"line":76,"column":2},"end":{"line":114,"column":9}},"13":{"start":{"line":77,"column":4},"end":{"line":99,"column":9}},"14":{"start":{"line":80,"column":27},"end":{"line":80,"column":40}},"15":{"start":{"line":81,"column":8},"end":{"line":81,"column":34}},"16":{"start":{"line":82,"column":8},"end":{"line":82,"column":37}},"17":{"start":{"line":84,"column":26},"end":{"line":86,"column":10}},"18":{"start":{"line":85,"column":10},"end":{"line":85,"column":50}},"19":{"start":{"line":88,"column":8},"end":{"line":92,"column":10}},"20":{"start":{"line":90,"column":12},"end":{"line":90,"column":33}},"21":{"start":{"line":95,"column":8},"end":{"line":95,"column":29}},"22":{"start":{"line":98,"column":8},"end":{"line":98,"column":30}},"23":{"start":{"line":101,"column":18},"end":{"line":109,"column":11}},"24":{"start":{"line":102,"column":6},"end":{"line":108,"column":9}},"25":{"start":{"line":103,"column":8},"end":{"line":105,"column":9}},"26":{"start":{"line":104,"column":10},"end":{"line":104,"column":19}},"27":{"start":{"line":106,"column":21},"end":{"line":106,"column":39}},"28":{"start":{"line":107,"column":8},"end":{"line":107,"column":49}},"29":{"start":{"line":110,"column":4},"end":{"line":113,"column":6}},"30":{"start":{"line":111,"column":6},"end":{"line":111,"column":27}},"31":{"start":{"line":112,"column":6},"end":{"line":112,"column":76}},"32":{"start":{"line":116,"column":29},"end":{"line":125,"column":3}},"33":{"start":{"line":127,"column":2},"end":{"line":198,"column":4}},"34":{"start":{"line":149,"column":29},"end":{"line":149,"column":30}},"35":{"start":{"line":168,"column":14},"end":{"line":168,"column":52}},"36":{"start":{"line":168,"column":46},"end":{"line":168,"column":49}},"37":{"start":{"line":172,"column":14},"end":{"line":176,"column":16}},"38":{"start":{"line":201,"column":22},"end":{"line":610,"column":1}},"39":{"start":{"line":208,"column":28},"end":{"line":212,"column":4}},"40":{"start":{"line":213,"column":30},"end":{"line":213,"column":42}},"41":{"start":{"line":214,"column":18},"end":{"line":214,"column":49}},"42":{"start":{"line":215,"column":40},"end":{"line":215,"column":52}},"43":{"start":{"line":216,"column":44},"end":{"line":216,"column":56}},"44":{"start":{"line":217,"column":44},"end":{"line":217,"column":56}},"45":{"start":{"line":218,"column":50},"end":{"line":218,"column":62}},"46":{"start":{"line":233,"column":2},"end":{"line":313,"column":5}},"47":{"start":{"line":234,"column":45},"end":{"line":234,"column":50}},"48":{"start":{"line":235,"column":4},"end":{"line":264,"column":5}},"49":{"start":{"line":236,"column":6},"end":{"line":240,"column":9}},"50":{"start":{"line":241,"column":28},"end":{"line":243,"column":7}},"51":{"start":{"line":244,"column":6},"end":{"line":246,"column":7}},"52":{"start":{"line":244,"column":19},"end":{"line":244,"column":20}},"53":{"start":{"line":245,"column":8},"end":{"line":245,"column":35}},"54":{"start":{"line":247,"column":11},"end":{"line":264,"column":5}},"55":{"start":{"line":248,"column":6},"end":{"line":252,"column":9}},"56":{"start":{"line":254,"column":27},"end":{"line":258,"column":12}},"57":{"start":{"line":260,"column":6},"end":{"line":262,"column":7}},"58":{"start":{"line":261,"column":8},"end":{"line":261,"column":31}},"59":{"start":{"line":263,"column":6},"end":{"line":263,"column":30}},"60":{"start":{"line":265,"column":4},"end":{"line":307,"column":5}},"61":{"start":{"line":266,"column":19},"end":{"line":266,"column":30}},"62":{"start":{"line":267,"column":6},"end":{"line":269,"column":8}},"63":{"start":{"line":268,"column":8},"end":{"line":268,"column":68}},"64":{"start":{"line":268,"column":28},"end":{"line":268,"column":42}},"65":{"start":{"line":270,"column":6},"end":{"line":280,"column":7}},"66":{"start":{"line":271,"column":26},"end":{"line":273,"column":10}},"67":{"start":{"line":272,"column":10},"end":{"line":272,"column":42}},"68":{"start":{"line":275,"column":8},"end":{"line":279,"column":10}},"69":{"start":{"line":277,"column":12},"end":{"line":277,"column":29}},"70":{"start":{"line":281,"column":6},"end":{"line":296,"column":7}},"71":{"start":{"line":282,"column":8},"end":{"line":284,"column":10}},"72":{"start":{"line":283,"column":10},"end":{"line":283,"column":62}},"73":{"start":{"line":283,"column":30},"end":{"line":283,"column":40}},"74":{"start":{"line":285,"column":8},"end":{"line":295,"column":9}},"75":{"start":{"line":286,"column":30},"end":{"line":288,"column":12}},"76":{"start":{"line":287,"column":12},"end":{"line":287,"column":50}},"77":{"start":{"line":290,"column":10},"end":{"line":294,"column":12}},"78":{"start":{"line":292,"column":14},"end":{"line":292,"column":34}},"79":{"start":{"line":297,"column":6},"end":{"line":301,"column":7}},"80":{"start":{"line":298,"column":8},"end":{"line":300,"column":10}},"81":{"start":{"line":299,"column":10},"end":{"line":299,"column":71}},"82":{"start":{"line":299,"column":33},"end":{"line":299,"column":46}},"83":{"start":{"line":302,"column":6},"end":{"line":302,"column":26}},"84":{"start":{"line":304,"column":6},"end":{"line":304,"column":31}},"85":{"start":{"line":305,"column":6},"end":{"line":305,"column":27}},"86":{"start":{"line":306,"column":6},"end":{"line":306,"column":30}},"87":{"start":{"line":315,"column":18},"end":{"line":315,"column":29}},"88":{"start":{"line":318,"column":19},"end":{"line":337,"column":3}},"89":{"start":{"line":319,"column":4},"end":{"line":334,"column":5}},"90":{"start":{"line":320,"column":6},"end":{"line":323,"column":9}},"91":{"start":{"line":324,"column":11},"end":{"line":334,"column":5}},"92":{"start":{"line":325,"column":6},"end":{"line":328,"column":9}},"93":{"start":{"line":329,"column":11},"end":{"line":334,"column":5}},"94":{"start":{"line":330,"column":6},"end":{"line":333,"column":9}},"95":{"start":{"line":336,"column":4},"end":{"line":336,"column":26}},"96":{"start":{"line":346,"column":17},"end":{"line":346,"column":22}},"97":{"start":{"line":347,"column":4},"end":{"line":352,"column":5}},"98":{"start":{"line":347,"column":17},"end":{"line":347,"column":18}},"99":{"start":{"line":348,"column":6},"end":{"line":351,"column":7}},"100":{"start":{"line":349,"column":8},"end":{"line":349,"column":22}},"101":{"start":{"line":350,"column":8},"end":{"line":350,"column":14}},"102":{"start":{"line":353,"column":4},"end":{"line":353,"column":18}},"103":{"start":{"line":356,"column":38},"end":{"line":356,"column":53}},"104":{"start":{"line":357,"column":26},"end":{"line":357,"column":38}},"105":{"start":{"line":358,"column":36},"end":{"line":358,"column":48}},"106":{"start":{"line":364,"column":22},"end":{"line":366,"column":3}},"107":{"start":{"line":365,"column":4},"end":{"line":365,"column":25}},"108":{"start":{"line":368,"column":23},"end":{"line":370,"column":3}},"109":{"start":{"line":369,"column":4},"end":{"line":369,"column":28}},"110":{"start":{"line":372,"column":28},"end":{"line":374,"column":3}},"111":{"start":{"line":373,"column":4},"end":{"line":373,"column":47}},"112":{"start":{"line":376,"column":30},"end":{"line":441,"column":3}},"113":{"start":{"line":442,"column":23},"end":{"line":476,"column":3}},"114":{"start":{"line":478,"column":2},"end":{"line":609,"column":4}},"115":{"start":{"line":494,"column":44},"end":{"line":494,"column":62}},"116":{"start":{"line":498,"column":18},"end":{"line":498,"column":38}},"117":{"start":{"line":499,"column":18},"end":{"line":502,"column":21}},"118":{"start":{"line":505,"column":18},"end":{"line":510,"column":20}},"119":{"start":{"line":521,"column":44},"end":{"line":521,"column":58}},"120":{"start":{"line":525,"column":18},"end":{"line":529,"column":19}},"121":{"start":{"line":526,"column":20},"end":{"line":526,"column":32}},"122":{"start":{"line":527,"column":25},"end":{"line":529,"column":19}},"123":{"start":{"line":528,"column":20},"end":{"line":528,"column":32}},"124":{"start":{"line":532,"column":18},"end":{"line":532,"column":38}},"125":{"start":{"line":533,"column":18},"end":{"line":536,"column":21}},"126":{"start":{"line":539,"column":18},"end":{"line":544,"column":20}},"127":{"start":{"line":555,"column":44},"end":{"line":555,"column":61}},"128":{"start":{"line":558,"column":18},"end":{"line":562,"column":19}},"129":{"start":{"line":559,"column":20},"end":{"line":559,"column":32}},"130":{"start":{"line":560,"column":25},"end":{"line":562,"column":19}},"131":{"start":{"line":561,"column":20},"end":{"line":561,"column":32}},"132":{"start":{"line":565,"column":18},"end":{"line":565,"column":41}},"133":{"start":{"line":566,"column":18},"end":{"line":569,"column":21}},"134":{"start":{"line":572,"column":18},"end":{"line":577,"column":20}},"135":{"start":{"line":588,"column":32},"end":{"line":588,"column":43}},"136":{"start":{"line":627,"column":28},"end":{"line":725,"column":1}},"137":{"start":{"line":628,"column":2},"end":{"line":724,"column":4}},"138":{"start":{"line":727,"column":18},"end":{"line":738,"column":1}},"139":{"start":{"line":729,"column":18},"end":{"line":729,"column":53}},"140":{"start":{"line":730,"column":23},"end":{"line":732,"column":3}},"141":{"start":{"line":731,"column":4},"end":{"line":731,"column":56}},"142":{"start":{"line":731,"column":31},"end":{"line":731,"column":55}},"143":{"start":{"line":733,"column":2},"end":{"line":737,"column":18}},"144":{"start":{"line":735,"column":43},"end":{"line":735,"column":58}},"145":{"start":{"line":740,"column":22},"end":{"line":789,"column":1}},"146":{"start":{"line":791,"column":22},"end":{"line":901,"column":1}},"147":{"start":{"line":808,"column":6},"end":{"line":888,"column":8}},"148":{"start":{"line":895,"column":6},"end":{"line":895,"column":77}}},"fnMap":{"0":{"name":"(anonymous_0)","decl":{"start":{"line":34,"column":29},"end":{"line":34,"column":30}},"loc":{"start":{"line":34,"column":41},"end":{"line":60,"column":1}},"line":34},"1":{"name":"(anonymous_1)","decl":{"start":{"line":62,"column":26},"end":{"line":62,"column":27}},"loc":{"start":{"line":62,"column":43},"end":{"line":199,"column":1}},"line":62},"2":{"name":"(anonymous_2)","decl":{"start":{"line":76,"column":12},"end":{"line":76,"column":13}},"loc":{"start":{"line":76,"column":18},"end":{"line":114,"column":3}},"line":76},"3":{"name":"(anonymous_3)","decl":{"start":{"line":79,"column":12},"end":{"line":79,"column":13}},"loc":{"start":{"line":79,"column":26},"end":{"line":93,"column":7}},"line":79},"4":{"name":"(anonymous_4)","decl":{"start":{"line":84,"column":43},"end":{"line":84,"column":44}},"loc":{"start":{"line":84,"column":58},"end":{"line":86,"column":9}},"line":84},"5":{"name":"(anonymous_5)","decl":{"start":{"line":89,"column":32},"end":{"line":89,"column":33}},"loc":{"start":{"line":89,"column":45},"end":{"line":91,"column":11}},"line":89},"6":{"name":"(anonymous_6)","decl":{"start":{"line":94,"column":13},"end":{"line":94,"column":14}},"loc":{"start":{"line":94,"column":24},"end":{"line":96,"column":7}},"line":94},"7":{"name":"(anonymous_7)","decl":{"start":{"line":97,"column":15},"end":{"line":97,"column":16}},"loc":{"start":{"line":97,"column":21},"end":{"line":99,"column":7}},"line":97},"8":{"name":"(anonymous_8)","decl":{"start":{"line":101,"column":30},"end":{"line":101,"column":31}},"loc":{"start":{"line":101,"column":36},"end":{"line":109,"column":5}},"line":101},"9":{"name":"(anonymous_9)","decl":{"start":{"line":102,"column":18},"end":{"line":102,"column":19}},"loc":{"start":{"line":102,"column":35},"end":{"line":108,"column":7}},"line":102},"10":{"name":"(anonymous_10)","decl":{"start":{"line":110,"column":11},"end":{"line":110,"column":12}},"loc":{"start":{"line":110,"column":17},"end":{"line":113,"column":5}},"line":110},"11":{"name":"(anonymous_11)","decl":{"start":{"line":149,"column":22},"end":{"line":149,"column":23}},"loc":{"start":{"line":149,"column":29},"end":{"line":149,"column":30}},"line":149},"12":{"name":"(anonymous_12)","decl":{"start":{"line":167,"column":31},"end":{"line":167,"column":32}},"loc":{"start":{"line":167,"column":41},"end":{"line":169,"column":13}},"line":167},"13":{"name":"(anonymous_13)","decl":{"start":{"line":168,"column":37},"end":{"line":168,"column":38}},"loc":{"start":{"line":168,"column":46},"end":{"line":168,"column":49}},"line":168},"14":{"name":"(anonymous_14)","decl":{"start":{"line":171,"column":25},"end":{"line":171,"column":26}},"loc":{"start":{"line":171,"column":38},"end":{"line":177,"column":13}},"line":171},"15":{"name":"(anonymous_15)","decl":{"start":{"line":201,"column":22},"end":{"line":201,"column":23}},"loc":{"start":{"line":207,"column":6},"end":{"line":610,"column":1}},"line":207},"16":{"name":"(anonymous_16)","decl":{"start":{"line":233,"column":12},"end":{"line":233,"column":13}},"loc":{"start":{"line":233,"column":18},"end":{"line":308,"column":3}},"line":233},"17":{"name":"(anonymous_17)","decl":{"start":{"line":267,"column":29},"end":{"line":267,"column":30}},"loc":{"start":{"line":268,"column":8},"end":{"line":268,"column":68}},"line":268},"18":{"name":"(anonymous_18)","decl":{"start":{"line":268,"column":20},"end":{"line":268,"column":21}},"loc":{"start":{"line":268,"column":28},"end":{"line":268,"column":42}},"line":268},"19":{"name":"(anonymous_19)","decl":{"start":{"line":271,"column":37},"end":{"line":271,"column":38}},"loc":{"start":{"line":271,"column":52},"end":{"line":273,"column":9}},"line":271},"20":{"name":"(anonymous_20)","decl":{"start":{"line":276,"column":32},"end":{"line":276,"column":33}},"loc":{"start":{"line":276,"column":45},"end":{"line":278,"column":11}},"line":276},"21":{"name":"(anonymous_21)","decl":{"start":{"line":282,"column":31},"end":{"line":282,"column":32}},"loc":{"start":{"line":283,"column":10},"end":{"line":283,"column":62}},"line":283},"22":{"name":"(anonymous_22)","decl":{"start":{"line":283,"column":22},"end":{"line":283,"column":23}},"loc":{"start":{"line":283,"column":30},"end":{"line":283,"column":40}},"line":283},"23":{"name":"(anonymous_23)","decl":{"start":{"line":286,"column":41},"end":{"line":286,"column":42}},"loc":{"start":{"line":286,"column":56},"end":{"line":288,"column":11}},"line":286},"24":{"name":"(anonymous_24)","decl":{"start":{"line":291,"column":36},"end":{"line":291,"column":37}},"loc":{"start":{"line":291,"column":49},"end":{"line":293,"column":13}},"line":291},"25":{"name":"(anonymous_25)","decl":{"start":{"line":298,"column":31},"end":{"line":298,"column":32}},"loc":{"start":{"line":299,"column":10},"end":{"line":299,"column":71}},"line":299},"26":{"name":"(anonymous_26)","decl":{"start":{"line":299,"column":25},"end":{"line":299,"column":26}},"loc":{"start":{"line":299,"column":33},"end":{"line":299,"column":46}},"line":299},"27":{"name":"(anonymous_27)","decl":{"start":{"line":318,"column":19},"end":{"line":318,"column":20}},"loc":{"start":{"line":318,"column":26},"end":{"line":337,"column":3}},"line":318},"28":{"name":"validateSelection","decl":{"start":{"line":345,"column":11},"end":{"line":345,"column":28}},"loc":{"start":{"line":345,"column":31},"end":{"line":354,"column":3}},"line":345},"29":{"name":"(anonymous_29)","decl":{"start":{"line":364,"column":22},"end":{"line":364,"column":23}},"loc":{"start":{"line":364,"column":28},"end":{"line":366,"column":3}},"line":364},"30":{"name":"(anonymous_30)","decl":{"start":{"line":368,"column":23},"end":{"line":368,"column":24}},"loc":{"start":{"line":368,"column":30},"end":{"line":370,"column":3}},"line":368},"31":{"name":"(anonymous_31)","decl":{"start":{"line":372,"column":28},"end":{"line":372,"column":29}},"loc":{"start":{"line":372,"column":35},"end":{"line":374,"column":3}},"line":372},"32":{"name":"(anonymous_32)","decl":{"start":{"line":376,"column":30},"end":{"line":376,"column":31}},"loc":{"start":{"line":376,"column":36},"end":{"line":441,"column":3}},"line":376},"33":{"name":"(anonymous_33)","decl":{"start":{"line":442,"column":23},"end":{"line":442,"column":24}},"loc":{"start":{"line":442,"column":30},"end":{"line":476,"column":3}},"line":442},"34":{"name":"(anonymous_34)","decl":{"start":{"line":494,"column":32},"end":{"line":494,"column":33}},"loc":{"start":{"line":494,"column":44},"end":{"line":494,"column":62}},"line":494},"35":{"name":"(anonymous_35)","decl":{"start":{"line":497,"column":26},"end":{"line":497,"column":27}},"loc":{"start":{"line":497,"column":44},"end":{"line":503,"column":17}},"line":497},"36":{"name":"(anonymous_36)","decl":{"start":{"line":504,"column":29},"end":{"line":504,"column":30}},"loc":{"start":{"line":505,"column":18},"end":{"line":510,"column":20}},"line":505},"37":{"name":"(anonymous_37)","decl":{"start":{"line":521,"column":32},"end":{"line":521,"column":33}},"loc":{"start":{"line":521,"column":44},"end":{"line":521,"column":58}},"line":521},"38":{"name":"(anonymous_38)","decl":{"start":{"line":523,"column":35},"end":{"line":523,"column":36}},"loc":{"start":{"line":523,"column":54},"end":{"line":530,"column":17}},"line":523},"39":{"name":"(anonymous_39)","decl":{"start":{"line":531,"column":26},"end":{"line":531,"column":27}},"loc":{"start":{"line":531,"column":44},"end":{"line":537,"column":17}},"line":531},"40":{"name":"(anonymous_40)","decl":{"start":{"line":538,"column":29},"end":{"line":538,"column":30}},"loc":{"start":{"line":539,"column":18},"end":{"line":544,"column":20}},"line":539},"41":{"name":"(anonymous_41)","decl":{"start":{"line":555,"column":32},"end":{"line":555,"column":33}},"loc":{"start":{"line":555,"column":44},"end":{"line":555,"column":61}},"line":555},"42":{"name":"(anonymous_42)","decl":{"start":{"line":557,"column":35},"end":{"line":557,"column":36}},"loc":{"start":{"line":557,"column":54},"end":{"line":563,"column":17}},"line":557},"43":{"name":"(anonymous_43)","decl":{"start":{"line":564,"column":26},"end":{"line":564,"column":27}},"loc":{"start":{"line":564,"column":44},"end":{"line":570,"column":17}},"line":564},"44":{"name":"(anonymous_44)","decl":{"start":{"line":571,"column":29},"end":{"line":571,"column":30}},"loc":{"start":{"line":572,"column":18},"end":{"line":577,"column":20}},"line":572},"45":{"name":"(anonymous_45)","decl":{"start":{"line":588,"column":25},"end":{"line":588,"column":26}},"loc":{"start":{"line":588,"column":32},"end":{"line":588,"column":43}},"line":588},"46":{"name":"(anonymous_46)","decl":{"start":{"line":627,"column":28},"end":{"line":627,"column":29}},"loc":{"start":{"line":627,"column":41},"end":{"line":725,"column":1}},"line":627},"47":{"name":"(anonymous_47)","decl":{"start":{"line":727,"column":18},"end":{"line":727,"column":19}},"loc":{"start":{"line":727,"column":43},"end":{"line":738,"column":1}},"line":727},"48":{"name":"(anonymous_48)","decl":{"start":{"line":730,"column":35},"end":{"line":730,"column":36}},"loc":{"start":{"line":731,"column":4},"end":{"line":731,"column":56}},"line":731},"49":{"name":"(anonymous_49)","decl":{"start":{"line":731,"column":16},"end":{"line":731,"column":17}},"loc":{"start":{"line":731,"column":31},"end":{"line":731,"column":55}},"line":731},"50":{"name":"(anonymous_50)","decl":{"start":{"line":735,"column":28},"end":{"line":735,"column":29}},"loc":{"start":{"line":735,"column":43},"end":{"line":735,"column":58}},"line":735},"51":{"name":"(anonymous_51)","decl":{"start":{"line":807,"column":12},"end":{"line":807,"column":13}},"loc":{"start":{"line":807,"column":25},"end":{"line":889,"column":5}},"line":807},"52":{"name":"(anonymous_52)","decl":{"start":{"line":894,"column":12},"end":{"line":894,"column":13}},"loc":{"start":{"line":895,"column":6},"end":{"line":895,"column":77}},"line":895}},"branchMap":{"0":{"loc":{"start":{"line":103,"column":8},"end":{"line":105,"column":9}},"type":"if","locations":[{"start":{"line":103,"column":8},"end":{"line":105,"column":9}},{"start":{},"end":{}}],"line":103},"1":{"loc":{"start":{"line":112,"column":6},"end":{"line":112,"column":75}},"type":"binary-expr","locations":[{"start":{"line":112,"column":6},"end":{"line":112,"column":14}},{"start":{"line":112,"column":18},"end":{"line":112,"column":34}},{"start":{"line":112,"column":38},"end":{"line":112,"column":75}}],"line":112},"2":{"loc":{"start":{"line":137,"column":7},"end":{"line":196,"column":7}},"type":"cond-expr","locations":[{"start":{"line":138,"column":8},"end":{"line":179,"column":14}},{"start":{"line":181,"column":8},"end":{"line":195,"column":15}}],"line":137},"3":{"loc":{"start":{"line":235,"column":4},"end":{"line":264,"column":5}},"type":"if","locations":[{"start":{"line":235,"column":4},"end":{"line":264,"column":5}},{"start":{"line":247,"column":11},"end":{"line":264,"column":5}}],"line":235},"4":{"loc":{"start":{"line":235,"column":8},"end":{"line":235,"column":51}},"type":"binary-expr","locations":[{"start":{"line":235,"column":8},"end":{"line":235,"column":27}},{"start":{"line":235,"column":31},"end":{"line":235,"column":51}}],"line":235},"5":{"loc":{"start":{"line":247,"column":11},"end":{"line":264,"column":5}},"type":"if","locations":[{"start":{"line":247,"column":11},"end":{"line":264,"column":5}},{"start":{},"end":{}}],"line":247},"6":{"loc":{"start":{"line":247,"column":15},"end":{"line":247,"column":58}},"type":"binary-expr","locations":[{"start":{"line":247,"column":15},"end":{"line":247,"column":34}},{"start":{"line":247,"column":38},"end":{"line":247,"column":58}}],"line":247},"7":{"loc":{"start":{"line":260,"column":6},"end":{"line":262,"column":7}},"type":"if","locations":[{"start":{"line":260,"column":6},"end":{"line":262,"column":7}},{"start":{},"end":{}}],"line":260},"8":{"loc":{"start":{"line":265,"column":4},"end":{"line":307,"column":5}},"type":"if","locations":[{"start":{"line":265,"column":4},"end":{"line":307,"column":5}},{"start":{"line":303,"column":11},"end":{"line":307,"column":5}}],"line":265},"9":{"loc":{"start":{"line":270,"column":6},"end":{"line":280,"column":7}},"type":"if","locations":[{"start":{"line":270,"column":6},"end":{"line":280,"column":7}},{"start":{},"end":{}}],"line":270},"10":{"loc":{"start":{"line":281,"column":6},"end":{"line":296,"column":7}},"type":"if","locations":[{"start":{"line":281,"column":6},"end":{"line":296,"column":7}},{"start":{},"end":{}}],"line":281},"11":{"loc":{"start":{"line":285,"column":8},"end":{"line":295,"column":9}},"type":"if","locations":[{"start":{"line":285,"column":8},"end":{"line":295,"column":9}},{"start":{},"end":{}}],"line":285},"12":{"loc":{"start":{"line":285,"column":12},"end":{"line":285,"column":51}},"type":"binary-expr","locations":[{"start":{"line":285,"column":12},"end":{"line":285,"column":31}},{"start":{"line":285,"column":35},"end":{"line":285,"column":51}}],"line":285},"13":{"loc":{"start":{"line":297,"column":6},"end":{"line":301,"column":7}},"type":"if","locations":[{"start":{"line":297,"column":6},"end":{"line":301,"column":7}},{"start":{},"end":{}}],"line":297},"14":{"loc":{"start":{"line":319,"column":4},"end":{"line":334,"column":5}},"type":"if","locations":[{"start":{"line":319,"column":4},"end":{"line":334,"column":5}},{"start":{"line":324,"column":11},"end":{"line":334,"column":5}}],"line":319},"15":{"loc":{"start":{"line":319,"column":8},"end":{"line":319,"column":54}},"type":"binary-expr","locations":[{"start":{"line":319,"column":8},"end":{"line":319,"column":25}},{"start":{"line":319,"column":29},"end":{"line":319,"column":54}}],"line":319},"16":{"loc":{"start":{"line":324,"column":11},"end":{"line":334,"column":5}},"type":"if","locations":[{"start":{"line":324,"column":11},"end":{"line":334,"column":5}},{"start":{"line":329,"column":11},"end":{"line":334,"column":5}}],"line":324},"17":{"loc":{"start":{"line":329,"column":11},"end":{"line":334,"column":5}},"type":"if","locations":[{"start":{"line":329,"column":11},"end":{"line":334,"column":5}},{"start":{},"end":{}}],"line":329},"18":{"loc":{"start":{"line":348,"column":6},"end":{"line":351,"column":7}},"type":"if","locations":[{"start":{"line":348,"column":6},"end":{"line":351,"column":7}},{"start":{},"end":{}}],"line":348},"19":{"loc":{"start":{"line":525,"column":18},"end":{"line":529,"column":19}},"type":"if","locations":[{"start":{"line":525,"column":18},"end":{"line":529,"column":19}},{"start":{"line":527,"column":25},"end":{"line":529,"column":19}}],"line":525},"20":{"loc":{"start":{"line":527,"column":25},"end":{"line":529,"column":19}},"type":"if","locations":[{"start":{"line":527,"column":25},"end":{"line":529,"column":19}},{"start":{},"end":{}}],"line":527},"21":{"loc":{"start":{"line":558,"column":18},"end":{"line":562,"column":19}},"type":"if","locations":[{"start":{"line":558,"column":18},"end":{"line":562,"column":19}},{"start":{"line":560,"column":25},"end":{"line":562,"column":19}}],"line":558},"22":{"loc":{"start":{"line":560,"column":25},"end":{"line":562,"column":19}},"type":"if","locations":[{"start":{"line":560,"column":25},"end":{"line":562,"column":19}},{"start":{},"end":{}}],"line":560},"23":{"loc":{"start":{"line":808,"column":13},"end":{"line":888,"column":7}},"type":"cond-expr","locations":[{"start":{"line":809,"column":8},"end":{"line":823,"column":21}},{"start":{"line":824,"column":10},"end":{"line":888,"column":7}}],"line":808},"24":{"loc":{"start":{"line":824,"column":10},"end":{"line":888,"column":7}},"type":"cond-expr","locations":[{"start":{"line":825,"column":8},"end":{"line":839,"column":21}},{"start":{"line":840,"column":10},"end":{"line":888,"column":7}}],"line":824},"25":{"loc":{"start":{"line":840,"column":10},"end":{"line":888,"column":7}},"type":"cond-expr","locations":[{"start":{"line":841,"column":8},"end":{"line":855,"column":21}},{"start":{"line":856,"column":10},"end":{"line":888,"column":7}}],"line":840},"26":{"loc":{"start":{"line":856,"column":10},"end":{"line":888,"column":7}},"type":"cond-expr","locations":[{"start":{"line":857,"column":8},"end":{"line":871,"column":21}},{"start":{"line":873,"column":8},"end":{"line":887,"column":21}}],"line":856}},"s":{"0":7,"1":6,"2":7,"3":15,"4":15,"5":15,"6":15,"7":15,"8":15,"9":15,"10":15,"11":15,"12":15,"13":5,"14":1,"15":1,"16":1,"17":1,"18":985,"19":1,"20":985,"21":1,"22":2,"23":5,"24":2,"25":2,"26":0,"27":2,"28":2,"29":5,"30":5,"31":5,"32":15,"33":15,"34":0,"35":0,"36":0,"37":1,"38":7,"39":13,"40":13,"41":13,"42":13,"43":13,"44":13,"45":13,"46":13,"47":6,"48":6,"49":0,"50":0,"51":0,"52":0,"53":0,"54":6,"55":0,"56":0,"57":0,"58":0,"59":0,"60":6,"61":3,"62":3,"63":2955,"64":2955,"65":3,"66":1,"67":103,"68":1,"69":103,"70":3,"71":2,"72":206,"73":206,"74":2,"75":1,"76":2,"77":1,"78":2,"79":3,"80":1,"81":2,"82":2,"83":3,"84":3,"85":3,"86":3,"87":13,"88":13,"89":0,"90":0,"91":0,"92":0,"93":0,"94":0,"95":0,"96":0,"97":0,"98":0,"99":0,"100":0,"101":0,"102":0,"103":13,"104":13,"105":13,"106":13,"107":0,"108":13,"109":0,"110":13,"111":0,"112":13,"113":13,"114":13,"115":214,"116":1,"117":1,"118":16,"119":204,"120":4,"121":0,"122":4,"123":4,"124":1,"125":1,"126":16,"127":9,"128":1,"129":0,"130":1,"131":1,"132":1,"133":1,"134":15,"135":0,"136":7,"137":1,"138":7,"139":0,"140":0,"141":0,"142":0,"143":0,"144":0,"145":7,"146":7,"147":50,"148":50},"f":{"0":6,"1":15,"2":5,"3":1,"4":985,"5":985,"6":1,"7":2,"8":2,"9":2,"10":5,"11":0,"12":0,"13":0,"14":1,"15":13,"16":6,"17":2955,"18":2955,"19":103,"20":103,"21":206,"22":206,"23":2,"24":2,"25":2,"26":2,"27":0,"28":0,"29":0,"30":0,"31":0,"32":0,"33":0,"34":214,"35":1,"36":16,"37":204,"38":4,"39":1,"40":16,"41":9,"42":1,"43":1,"44":15,"45":0,"46":1,"47":0,"48":0,"49":0,"50":0,"51":50,"52":50},"b":{"0":[0,2],"1":[5,5,0],"2":[6,9],"3":[0,6],"4":[6,1],"5":[0,6],"6":[6,1],"7":[0,0],"8":[3,3],"9":[1,2],"10":[2,1],"11":[1,1],"12":[2,1],"13":[1,2],"14":[0,0],"15":[0,0],"16":[0,0],"17":[0,0],"18":[0,0],"19":[0,4],"20":[4,0],"21":[0,1],"22":[1,0],"23":[10,40],"24":[5,35],"25":[5,30],"26":[0,30]},"_coverageSchema":"1a1c01bbd47fc00a2c39e90264f33305004495a9","hash":"e23f8dd21a437676fb9a72deabc7ad20e614659c"}
,"C:\\Users\\Giani\\Desktop\\Work\\Programming\\Rama\\final-project\\src\\pages\\request.js": {"path":"C:\\Users\\Giani\\Desktop\\Work\\Programming\\Rama\\final-project\\src\\pages\\request.js","statementMap":{"0":{"start":{"line":34,"column":18},"end":{"line":60,"column":3}},"1":{"start":{"line":34,"column":41},"end":{"line":60,"column":1}},"2":{"start":{"line":62,"column":27},"end":{"line":201,"column":1}},"3":{"start":{"line":63,"column":34},"end":{"line":63,"column":46}},"4":{"start":{"line":64,"column":38},"end":{"line":64,"column":50}},"5":{"start":{"line":65,"column":40},"end":{"line":65,"column":52}},"6":{"start":{"line":66,"column":46},"end":{"line":66,"column":58}},"7":{"start":{"line":67,"column":19},"end":{"line":67,"column":27}},"8":{"start":{"line":68,"column":34},"end":{"line":68,"column":51}},"9":{"start":{"line":69,"column":18},"end":{"line":69,"column":29}},"10":{"start":{"line":70,"column":40},"end":{"line":70,"column":54}},"11":{"start":{"line":71,"column":41},"end":{"line":71,"column":69}},"12":{"start":{"line":76,"column":2},"end":{"line":116,"column":9}},"13":{"start":{"line":77,"column":4},"end":{"line":101,"column":9}},"14":{"start":{"line":80,"column":27},"end":{"line":82,"column":9}},"15":{"start":{"line":81,"column":17},"end":{"line":81,"column":52}},"16":{"start":{"line":83,"column":8},"end":{"line":83,"column":34}},"17":{"start":{"line":84,"column":8},"end":{"line":84,"column":37}},"18":{"start":{"line":86,"column":26},"end":{"line":88,"column":10}},"19":{"start":{"line":87,"column":10},"end":{"line":87,"column":50}},"20":{"start":{"line":90,"column":8},"end":{"line":94,"column":10}},"21":{"start":{"line":92,"column":12},"end":{"line":92,"column":33}},"22":{"start":{"line":97,"column":8},"end":{"line":97,"column":29}},"23":{"start":{"line":100,"column":8},"end":{"line":100,"column":30}},"24":{"start":{"line":103,"column":18},"end":{"line":111,"column":11}},"25":{"start":{"line":104,"column":6},"end":{"line":110,"column":9}},"26":{"start":{"line":105,"column":8},"end":{"line":107,"column":9}},"27":{"start":{"line":106,"column":10},"end":{"line":106,"column":19}},"28":{"start":{"line":108,"column":21},"end":{"line":108,"column":39}},"29":{"start":{"line":109,"column":8},"end":{"line":109,"column":49}},"30":{"start":{"line":112,"column":4},"end":{"line":115,"column":6}},"31":{"start":{"line":113,"column":6},"end":{"line":113,"column":76}},"32":{"start":{"line":114,"column":6},"end":{"line":114,"column":27}},"33":{"start":{"line":118,"column":29},"end":{"line":127,"column":3}},"34":{"start":{"line":129,"column":2},"end":{"line":200,"column":4}},"35":{"start":{"line":151,"column":29},"end":{"line":151,"column":30}},"36":{"start":{"line":170,"column":14},"end":{"line":170,"column":52}},"37":{"start":{"line":170,"column":46},"end":{"line":170,"column":49}},"38":{"start":{"line":174,"column":14},"end":{"line":178,"column":16}},"39":{"start":{"line":203,"column":22},"end":{"line":464,"column":1}},"40":{"start":{"line":210,"column":28},"end":{"line":214,"column":4}},"41":{"start":{"line":215,"column":30},"end":{"line":215,"column":42}},"42":{"start":{"line":219,"column":44},"end":{"line":219,"column":56}},"43":{"start":{"line":220,"column":50},"end":{"line":220,"column":62}},"44":{"start":{"line":235,"column":2},"end":{"line":315,"column":5}},"45":{"start":{"line":236,"column":45},"end":{"line":236,"column":50}},"46":{"start":{"line":237,"column":4},"end":{"line":266,"column":5}},"47":{"start":{"line":238,"column":6},"end":{"line":242,"column":9}},"48":{"start":{"line":243,"column":28},"end":{"line":245,"column":7}},"49":{"start":{"line":246,"column":6},"end":{"line":248,"column":7}},"50":{"start":{"line":246,"column":19},"end":{"line":246,"column":20}},"51":{"start":{"line":247,"column":8},"end":{"line":247,"column":35}},"52":{"start":{"line":249,"column":11},"end":{"line":266,"column":5}},"53":{"start":{"line":250,"column":6},"end":{"line":254,"column":9}},"54":{"start":{"line":256,"column":27},"end":{"line":260,"column":12}},"55":{"start":{"line":262,"column":6},"end":{"line":264,"column":7}},"56":{"start":{"line":263,"column":8},"end":{"line":263,"column":31}},"57":{"start":{"line":265,"column":6},"end":{"line":265,"column":30}},"58":{"start":{"line":267,"column":4},"end":{"line":309,"column":5}},"59":{"start":{"line":268,"column":19},"end":{"line":268,"column":30}},"60":{"start":{"line":269,"column":6},"end":{"line":271,"column":8}},"61":{"start":{"line":270,"column":8},"end":{"line":270,"column":68}},"62":{"start":{"line":270,"column":28},"end":{"line":270,"column":42}},"63":{"start":{"line":272,"column":6},"end":{"line":282,"column":7}},"64":{"start":{"line":273,"column":26},"end":{"line":275,"column":10}},"65":{"start":{"line":274,"column":10},"end":{"line":274,"column":42}},"66":{"start":{"line":277,"column":8},"end":{"line":281,"column":10}},"67":{"start":{"line":279,"column":12},"end":{"line":279,"column":29}},"68":{"start":{"line":283,"column":6},"end":{"line":298,"column":7}},"69":{"start":{"line":284,"column":8},"end":{"line":286,"column":10}},"70":{"start":{"line":285,"column":10},"end":{"line":285,"column":62}},"71":{"start":{"line":285,"column":30},"end":{"line":285,"column":40}},"72":{"start":{"line":287,"column":8},"end":{"line":297,"column":9}},"73":{"start":{"line":288,"column":30},"end":{"line":290,"column":12}},"74":{"start":{"line":289,"column":12},"end":{"line":289,"column":50}},"75":{"start":{"line":292,"column":10},"end":{"line":296,"column":12}},"76":{"start":{"line":294,"column":14},"end":{"line":294,"column":34}},"77":{"start":{"line":299,"column":6},"end":{"line":303,"column":7}},"78":{"start":{"line":300,"column":8},"end":{"line":302,"column":10}},"79":{"start":{"line":301,"column":10},"end":{"line":301,"column":71}},"80":{"start":{"line":301,"column":33},"end":{"line":301,"column":46}},"81":{"start":{"line":304,"column":6},"end":{"line":304,"column":26}},"82":{"start":{"line":306,"column":6},"end":{"line":306,"column":31}},"83":{"start":{"line":307,"column":6},"end":{"line":307,"column":27}},"84":{"start":{"line":308,"column":6},"end":{"line":308,"column":30}},"85":{"start":{"line":320,"column":23},"end":{"line":354,"column":3}},"86":{"start":{"line":356,"column":2},"end":{"line":463,"column":4}},"87":{"start":{"line":372,"column":44},"end":{"line":372,"column":62}},"88":{"start":{"line":376,"column":18},"end":{"line":376,"column":38}},"89":{"start":{"line":377,"column":18},"end":{"line":380,"column":21}},"90":{"start":{"line":383,"column":18},"end":{"line":388,"column":20}},"91":{"start":{"line":399,"column":44},"end":{"line":399,"column":58}},"92":{"start":{"line":403,"column":18},"end":{"line":407,"column":19}},"93":{"start":{"line":404,"column":20},"end":{"line":404,"column":32}},"94":{"start":{"line":405,"column":25},"end":{"line":407,"column":19}},"95":{"start":{"line":406,"column":20},"end":{"line":406,"column":32}},"96":{"start":{"line":410,"column":18},"end":{"line":410,"column":38}},"97":{"start":{"line":411,"column":18},"end":{"line":414,"column":21}},"98":{"start":{"line":417,"column":18},"end":{"line":422,"column":20}},"99":{"start":{"line":433,"column":44},"end":{"line":433,"column":61}},"100":{"start":{"line":436,"column":18},"end":{"line":440,"column":19}},"101":{"start":{"line":437,"column":20},"end":{"line":437,"column":32}},"102":{"start":{"line":438,"column":25},"end":{"line":440,"column":19}},"103":{"start":{"line":439,"column":20},"end":{"line":439,"column":32}},"104":{"start":{"line":443,"column":18},"end":{"line":443,"column":41}},"105":{"start":{"line":444,"column":18},"end":{"line":447,"column":21}},"106":{"start":{"line":450,"column":18},"end":{"line":455,"column":20}},"107":{"start":{"line":480,"column":28},"end":{"line":578,"column":1}},"108":{"start":{"line":481,"column":2},"end":{"line":577,"column":4}},"109":{"start":{"line":580,"column":18},"end":{"line":591,"column":1}},"110":{"start":{"line":582,"column":18},"end":{"line":582,"column":53}},"111":{"start":{"line":583,"column":23},"end":{"line":585,"column":3}},"112":{"start":{"line":584,"column":4},"end":{"line":584,"column":56}},"113":{"start":{"line":584,"column":31},"end":{"line":584,"column":55}},"114":{"start":{"line":586,"column":2},"end":{"line":590,"column":18}},"115":{"start":{"line":588,"column":43},"end":{"line":588,"column":58}},"116":{"start":{"line":593,"column":22},"end":{"line":642,"column":1}},"117":{"start":{"line":643,"column":19},"end":{"line":645,"column":1}},"118":{"start":{"line":644,"column":2},"end":{"line":644,"column":29}},"119":{"start":{"line":646,"column":22},"end":{"line":771,"column":1}},"120":{"start":{"line":651,"column":6},"end":{"line":661,"column":15}},"121":{"start":{"line":651,"column":29},"end":{"line":651,"column":48}},"122":{"start":{"line":676,"column":6},"end":{"line":756,"column":8}},"123":{"start":{"line":763,"column":6},"end":{"line":763,"column":77}}},"fnMap":{"0":{"name":"(anonymous_0)","decl":{"start":{"line":34,"column":29},"end":{"line":34,"column":30}},"loc":{"start":{"line":34,"column":41},"end":{"line":60,"column":1}},"line":34},"1":{"name":"(anonymous_1)","decl":{"start":{"line":62,"column":27},"end":{"line":62,"column":28}},"loc":{"start":{"line":62,"column":44},"end":{"line":201,"column":1}},"line":62},"2":{"name":"(anonymous_2)","decl":{"start":{"line":76,"column":12},"end":{"line":76,"column":13}},"loc":{"start":{"line":76,"column":18},"end":{"line":116,"column":3}},"line":76},"3":{"name":"(anonymous_3)","decl":{"start":{"line":79,"column":12},"end":{"line":79,"column":13}},"loc":{"start":{"line":79,"column":26},"end":{"line":95,"column":7}},"line":79},"4":{"name":"(anonymous_4)","decl":{"start":{"line":81,"column":10},"end":{"line":81,"column":11}},"loc":{"start":{"line":81,"column":17},"end":{"line":81,"column":52}},"line":81},"5":{"name":"(anonymous_5)","decl":{"start":{"line":86,"column":43},"end":{"line":86,"column":44}},"loc":{"start":{"line":86,"column":58},"end":{"line":88,"column":9}},"line":86},"6":{"name":"(anonymous_6)","decl":{"start":{"line":91,"column":32},"end":{"line":91,"column":33}},"loc":{"start":{"line":91,"column":45},"end":{"line":93,"column":11}},"line":91},"7":{"name":"(anonymous_7)","decl":{"start":{"line":96,"column":13},"end":{"line":96,"column":14}},"loc":{"start":{"line":96,"column":24},"end":{"line":98,"column":7}},"line":96},"8":{"name":"(anonymous_8)","decl":{"start":{"line":99,"column":15},"end":{"line":99,"column":16}},"loc":{"start":{"line":99,"column":21},"end":{"line":101,"column":7}},"line":99},"9":{"name":"(anonymous_9)","decl":{"start":{"line":103,"column":30},"end":{"line":103,"column":31}},"loc":{"start":{"line":103,"column":36},"end":{"line":111,"column":5}},"line":103},"10":{"name":"(anonymous_10)","decl":{"start":{"line":104,"column":18},"end":{"line":104,"column":19}},"loc":{"start":{"line":104,"column":35},"end":{"line":110,"column":7}},"line":104},"11":{"name":"(anonymous_11)","decl":{"start":{"line":112,"column":11},"end":{"line":112,"column":12}},"loc":{"start":{"line":112,"column":17},"end":{"line":115,"column":5}},"line":112},"12":{"name":"(anonymous_12)","decl":{"start":{"line":151,"column":22},"end":{"line":151,"column":23}},"loc":{"start":{"line":151,"column":29},"end":{"line":151,"column":30}},"line":151},"13":{"name":"(anonymous_13)","decl":{"start":{"line":169,"column":31},"end":{"line":169,"column":32}},"loc":{"start":{"line":169,"column":41},"end":{"line":171,"column":13}},"line":169},"14":{"name":"(anonymous_14)","decl":{"start":{"line":170,"column":37},"end":{"line":170,"column":38}},"loc":{"start":{"line":170,"column":46},"end":{"line":170,"column":49}},"line":170},"15":{"name":"(anonymous_15)","decl":{"start":{"line":173,"column":25},"end":{"line":173,"column":26}},"loc":{"start":{"line":173,"column":38},"end":{"line":179,"column":13}},"line":173},"16":{"name":"(anonymous_16)","decl":{"start":{"line":203,"column":22},"end":{"line":203,"column":23}},"loc":{"start":{"line":209,"column":6},"end":{"line":464,"column":1}},"line":209},"17":{"name":"(anonymous_17)","decl":{"start":{"line":235,"column":12},"end":{"line":235,"column":13}},"loc":{"start":{"line":235,"column":18},"end":{"line":310,"column":3}},"line":235},"18":{"name":"(anonymous_18)","decl":{"start":{"line":269,"column":29},"end":{"line":269,"column":30}},"loc":{"start":{"line":270,"column":8},"end":{"line":270,"column":68}},"line":270},"19":{"name":"(anonymous_19)","decl":{"start":{"line":270,"column":20},"end":{"line":270,"column":21}},"loc":{"start":{"line":270,"column":28},"end":{"line":270,"column":42}},"line":270},"20":{"name":"(anonymous_20)","decl":{"start":{"line":273,"column":37},"end":{"line":273,"column":38}},"loc":{"start":{"line":273,"column":52},"end":{"line":275,"column":9}},"line":273},"21":{"name":"(anonymous_21)","decl":{"start":{"line":278,"column":32},"end":{"line":278,"column":33}},"loc":{"start":{"line":278,"column":45},"end":{"line":280,"column":11}},"line":278},"22":{"name":"(anonymous_22)","decl":{"start":{"line":284,"column":31},"end":{"line":284,"column":32}},"loc":{"start":{"line":285,"column":10},"end":{"line":285,"column":62}},"line":285},"23":{"name":"(anonymous_23)","decl":{"start":{"line":285,"column":22},"end":{"line":285,"column":23}},"loc":{"start":{"line":285,"column":30},"end":{"line":285,"column":40}},"line":285},"24":{"name":"(anonymous_24)","decl":{"start":{"line":288,"column":41},"end":{"line":288,"column":42}},"loc":{"start":{"line":288,"column":56},"end":{"line":290,"column":11}},"line":288},"25":{"name":"(anonymous_25)","decl":{"start":{"line":293,"column":36},"end":{"line":293,"column":37}},"loc":{"start":{"line":293,"column":49},"end":{"line":295,"column":13}},"line":293},"26":{"name":"(anonymous_26)","decl":{"start":{"line":300,"column":31},"end":{"line":300,"column":32}},"loc":{"start":{"line":301,"column":10},"end":{"line":301,"column":71}},"line":301},"27":{"name":"(anonymous_27)","decl":{"start":{"line":301,"column":25},"end":{"line":301,"column":26}},"loc":{"start":{"line":301,"column":33},"end":{"line":301,"column":46}},"line":301},"28":{"name":"(anonymous_28)","decl":{"start":{"line":320,"column":23},"end":{"line":320,"column":24}},"loc":{"start":{"line":320,"column":30},"end":{"line":354,"column":3}},"line":320},"29":{"name":"(anonymous_29)","decl":{"start":{"line":372,"column":32},"end":{"line":372,"column":33}},"loc":{"start":{"line":372,"column":44},"end":{"line":372,"column":62}},"line":372},"30":{"name":"(anonymous_30)","decl":{"start":{"line":375,"column":26},"end":{"line":375,"column":27}},"loc":{"start":{"line":375,"column":44},"end":{"line":381,"column":17}},"line":375},"31":{"name":"(anonymous_31)","decl":{"start":{"line":382,"column":29},"end":{"line":382,"column":30}},"loc":{"start":{"line":383,"column":18},"end":{"line":388,"column":20}},"line":383},"32":{"name":"(anonymous_32)","decl":{"start":{"line":399,"column":32},"end":{"line":399,"column":33}},"loc":{"start":{"line":399,"column":44},"end":{"line":399,"column":58}},"line":399},"33":{"name":"(anonymous_33)","decl":{"start":{"line":401,"column":35},"end":{"line":401,"column":36}},"loc":{"start":{"line":401,"column":54},"end":{"line":408,"column":17}},"line":401},"34":{"name":"(anonymous_34)","decl":{"start":{"line":409,"column":26},"end":{"line":409,"column":27}},"loc":{"start":{"line":409,"column":44},"end":{"line":415,"column":17}},"line":409},"35":{"name":"(anonymous_35)","decl":{"start":{"line":416,"column":29},"end":{"line":416,"column":30}},"loc":{"start":{"line":417,"column":18},"end":{"line":422,"column":20}},"line":417},"36":{"name":"(anonymous_36)","decl":{"start":{"line":433,"column":32},"end":{"line":433,"column":33}},"loc":{"start":{"line":433,"column":44},"end":{"line":433,"column":61}},"line":433},"37":{"name":"(anonymous_37)","decl":{"start":{"line":435,"column":35},"end":{"line":435,"column":36}},"loc":{"start":{"line":435,"column":54},"end":{"line":441,"column":17}},"line":435},"38":{"name":"(anonymous_38)","decl":{"start":{"line":442,"column":26},"end":{"line":442,"column":27}},"loc":{"start":{"line":442,"column":44},"end":{"line":448,"column":17}},"line":442},"39":{"name":"(anonymous_39)","decl":{"start":{"line":449,"column":29},"end":{"line":449,"column":30}},"loc":{"start":{"line":450,"column":18},"end":{"line":455,"column":20}},"line":450},"40":{"name":"(anonymous_40)","decl":{"start":{"line":480,"column":28},"end":{"line":480,"column":29}},"loc":{"start":{"line":480,"column":41},"end":{"line":578,"column":1}},"line":480},"41":{"name":"(anonymous_41)","decl":{"start":{"line":580,"column":18},"end":{"line":580,"column":19}},"loc":{"start":{"line":580,"column":43},"end":{"line":591,"column":1}},"line":580},"42":{"name":"(anonymous_42)","decl":{"start":{"line":583,"column":35},"end":{"line":583,"column":36}},"loc":{"start":{"line":584,"column":4},"end":{"line":584,"column":56}},"line":584},"43":{"name":"(anonymous_43)","decl":{"start":{"line":584,"column":16},"end":{"line":584,"column":17}},"loc":{"start":{"line":584,"column":31},"end":{"line":584,"column":55}},"line":584},"44":{"name":"(anonymous_44)","decl":{"start":{"line":588,"column":28},"end":{"line":588,"column":29}},"loc":{"start":{"line":588,"column":43},"end":{"line":588,"column":58}},"line":588},"45":{"name":"(anonymous_45)","decl":{"start":{"line":643,"column":19},"end":{"line":643,"column":20}},"loc":{"start":{"line":643,"column":25},"end":{"line":645,"column":1}},"line":643},"46":{"name":"(anonymous_46)","decl":{"start":{"line":650,"column":12},"end":{"line":650,"column":13}},"loc":{"start":{"line":651,"column":6},"end":{"line":661,"column":15}},"line":651},"47":{"name":"(anonymous_47)","decl":{"start":{"line":651,"column":23},"end":{"line":651,"column":24}},"loc":{"start":{"line":651,"column":29},"end":{"line":651,"column":48}},"line":651},"48":{"name":"(anonymous_48)","decl":{"start":{"line":675,"column":12},"end":{"line":675,"column":13}},"loc":{"start":{"line":675,"column":25},"end":{"line":757,"column":5}},"line":675},"49":{"name":"(anonymous_49)","decl":{"start":{"line":762,"column":12},"end":{"line":762,"column":13}},"loc":{"start":{"line":763,"column":6},"end":{"line":763,"column":77}},"line":763}},"branchMap":{"0":{"loc":{"start":{"line":105,"column":8},"end":{"line":107,"column":9}},"type":"if","locations":[{"start":{"line":105,"column":8},"end":{"line":107,"column":9}},{"start":{},"end":{}}],"line":105},"1":{"loc":{"start":{"line":113,"column":6},"end":{"line":113,"column":75}},"type":"binary-expr","locations":[{"start":{"line":113,"column":6},"end":{"line":113,"column":14}},{"start":{"line":113,"column":18},"end":{"line":113,"column":34}},{"start":{"line":113,"column":38},"end":{"line":113,"column":75}}],"line":113},"2":{"loc":{"start":{"line":139,"column":7},"end":{"line":198,"column":7}},"type":"cond-expr","locations":[{"start":{"line":140,"column":8},"end":{"line":181,"column":14}},{"start":{"line":183,"column":8},"end":{"line":197,"column":15}}],"line":139},"3":{"loc":{"start":{"line":237,"column":4},"end":{"line":266,"column":5}},"type":"if","locations":[{"start":{"line":237,"column":4},"end":{"line":266,"column":5}},{"start":{"line":249,"column":11},"end":{"line":266,"column":5}}],"line":237},"4":{"loc":{"start":{"line":237,"column":8},"end":{"line":237,"column":51}},"type":"binary-expr","locations":[{"start":{"line":237,"column":8},"end":{"line":237,"column":27}},{"start":{"line":237,"column":31},"end":{"line":237,"column":51}}],"line":237},"5":{"loc":{"start":{"line":249,"column":11},"end":{"line":266,"column":5}},"type":"if","locations":[{"start":{"line":249,"column":11},"end":{"line":266,"column":5}},{"start":{},"end":{}}],"line":249},"6":{"loc":{"start":{"line":249,"column":15},"end":{"line":249,"column":58}},"type":"binary-expr","locations":[{"start":{"line":249,"column":15},"end":{"line":249,"column":34}},{"start":{"line":249,"column":38},"end":{"line":249,"column":58}}],"line":249},"7":{"loc":{"start":{"line":262,"column":6},"end":{"line":264,"column":7}},"type":"if","locations":[{"start":{"line":262,"column":6},"end":{"line":264,"column":7}},{"start":{},"end":{}}],"line":262},"8":{"loc":{"start":{"line":267,"column":4},"end":{"line":309,"column":5}},"type":"if","locations":[{"start":{"line":267,"column":4},"end":{"line":309,"column":5}},{"start":{"line":305,"column":11},"end":{"line":309,"column":5}}],"line":267},"9":{"loc":{"start":{"line":272,"column":6},"end":{"line":282,"column":7}},"type":"if","locations":[{"start":{"line":272,"column":6},"end":{"line":282,"column":7}},{"start":{},"end":{}}],"line":272},"10":{"loc":{"start":{"line":283,"column":6},"end":{"line":298,"column":7}},"type":"if","locations":[{"start":{"line":283,"column":6},"end":{"line":298,"column":7}},{"start":{},"end":{}}],"line":283},"11":{"loc":{"start":{"line":287,"column":8},"end":{"line":297,"column":9}},"type":"if","locations":[{"start":{"line":287,"column":8},"end":{"line":297,"column":9}},{"start":{},"end":{}}],"line":287},"12":{"loc":{"start":{"line":287,"column":12},"end":{"line":287,"column":51}},"type":"binary-expr","locations":[{"start":{"line":287,"column":12},"end":{"line":287,"column":31}},{"start":{"line":287,"column":35},"end":{"line":287,"column":51}}],"line":287},"13":{"loc":{"start":{"line":299,"column":6},"end":{"line":303,"column":7}},"type":"if","locations":[{"start":{"line":299,"column":6},"end":{"line":303,"column":7}},{"start":{},"end":{}}],"line":299},"14":{"loc":{"start":{"line":403,"column":18},"end":{"line":407,"column":19}},"type":"if","locations":[{"start":{"line":403,"column":18},"end":{"line":407,"column":19}},{"start":{"line":405,"column":25},"end":{"line":407,"column":19}}],"line":403},"15":{"loc":{"start":{"line":405,"column":25},"end":{"line":407,"column":19}},"type":"if","locations":[{"start":{"line":405,"column":25},"end":{"line":407,"column":19}},{"start":{},"end":{}}],"line":405},"16":{"loc":{"start":{"line":436,"column":18},"end":{"line":440,"column":19}},"type":"if","locations":[{"start":{"line":436,"column":18},"end":{"line":440,"column":19}},{"start":{"line":438,"column":25},"end":{"line":440,"column":19}}],"line":436},"17":{"loc":{"start":{"line":438,"column":25},"end":{"line":440,"column":19}},"type":"if","locations":[{"start":{"line":438,"column":25},"end":{"line":440,"column":19}},{"start":{},"end":{}}],"line":438},"18":{"loc":{"start":{"line":676,"column":13},"end":{"line":756,"column":7}},"type":"cond-expr","locations":[{"start":{"line":677,"column":8},"end":{"line":691,"column":21}},{"start":{"line":692,"column":10},"end":{"line":756,"column":7}}],"line":676},"19":{"loc":{"start":{"line":692,"column":10},"end":{"line":756,"column":7}},"type":"cond-expr","locations":[{"start":{"line":693,"column":8},"end":{"line":707,"column":21}},{"start":{"line":708,"column":10},"end":{"line":756,"column":7}}],"line":692},"20":{"loc":{"start":{"line":708,"column":10},"end":{"line":756,"column":7}},"type":"cond-expr","locations":[{"start":{"line":709,"column":8},"end":{"line":723,"column":21}},{"start":{"line":724,"column":10},"end":{"line":756,"column":7}}],"line":708},"21":{"loc":{"start":{"line":724,"column":10},"end":{"line":756,"column":7}},"type":"cond-expr","locations":[{"start":{"line":725,"column":8},"end":{"line":739,"column":21}},{"start":{"line":741,"column":8},"end":{"line":755,"column":21}}],"line":724}},"s":{"0":7,"1":2,"2":7,"3":11,"4":11,"5":11,"6":11,"7":11,"8":11,"9":11,"10":11,"11":11,"12":11,"13":2,"14":1,"15":985,"16":1,"17":1,"18":1,"19":420,"20":1,"21":420,"22":1,"23":2,"24":2,"25":2,"26":2,"27":0,"28":2,"29":2,"30":2,"31":2,"32":2,"33":11,"34":11,"35":0,"36":0,"37":0,"38":1,"39":7,"40":13,"41":13,"42":13,"43":13,"44":13,"45":6,"46":6,"47":0,"48":0,"49":0,"50":0,"51":0,"52":6,"53":0,"54":0,"55":0,"56":0,"57":0,"58":6,"59":3,"60":3,"61":2955,"62":2955,"63":3,"64":1,"65":103,"66":1,"67":103,"68":3,"69":2,"70":206,"71":206,"72":2,"73":1,"74":2,"75":1,"76":2,"77":3,"78":1,"79":2,"80":2,"81":3,"82":3,"83":3,"84":3,"85":13,"86":13,"87":214,"88":1,"89":1,"90":16,"91":204,"92":4,"93":0,"94":4,"95":4,"96":1,"97":1,"98":16,"99":9,"100":1,"101":0,"102":1,"103":1,"104":1,"105":1,"106":15,"107":7,"108":1,"109":7,"110":0,"111":0,"112":0,"113":0,"114":0,"115":0,"116":7,"117":7,"118":0,"119":7,"120":50,"121":0,"122":50,"123":50},"f":{"0":2,"1":11,"2":2,"3":1,"4":985,"5":420,"6":420,"7":1,"8":2,"9":2,"10":2,"11":2,"12":0,"13":0,"14":0,"15":1,"16":13,"17":6,"18":2955,"19":2955,"20":103,"21":103,"22":206,"23":206,"24":2,"25":2,"26":2,"27":2,"28":0,"29":214,"30":1,"31":16,"32":204,"33":4,"34":1,"35":16,"36":9,"37":1,"38":1,"39":15,"40":1,"41":0,"42":0,"43":0,"44":0,"45":0,"46":50,"47":0,"48":50,"49":50},"b":{"0":[0,2],"1":[2,2,0],"2":[6,5],"3":[0,6],"4":[6,1],"5":[0,6],"6":[6,1],"7":[0,0],"8":[3,3],"9":[1,2],"10":[2,1],"11":[1,1],"12":[2,1],"13":[1,2],"14":[0,4],"15":[4,0],"16":[0,1],"17":[1,0],"18":[50,0],"19":[0,0],"20":[0,0],"21":[0,0]},"_coverageSchema":"1a1c01bbd47fc00a2c39e90264f33305004495a9","hash":"86412384fbc6b1c1d4e83811925b028dd17033d1"}
,"C:\\Users\\Giani\\Desktop\\Work\\Programming\\Rama\\final-project\\src\\static\\Menus.js": {"path":"C:\\Users\\Giani\\Desktop\\Work\\Programming\\Rama\\final-project\\src\\static\\Menus.js","statementMap":{"0":{"start":{"line":10,"column":26},"end":{"line":41,"column":1}}},"fnMap":{},"branchMap":{},"s":{"0":5},"f":{},"b":{},"_coverageSchema":"1a1c01bbd47fc00a2c39e90264f33305004495a9","hash":"40238d002c75c21245388cc1881eb7e3b8cfcfe1"}
}
