TN:
SF:src\component\AppBarComponent.js
FN:16,AppBarComponent
FN:21,handleDrawerOpen
FNF:2
FNH:2
FNDA:2,AppBarComponent
FNDA:1,handleDrawerOpen
DA:17,2
DA:19,2
DA:22,1
DA:25,2
LF:4
LH:4
BRF:0
BRH:0
end_of_record
TN:
SF:src\component\Breadcrumb.js
FN:13,(anonymous_0)
FN:23,(anonymous_1)
FNF:2
FNH:2
FNDA:1,(anonymous_0)
FNDA:1,(anonymous_1)
DA:13,1
DA:14,1
DA:15,1
DA:24,1
LF:4
LH:4
BRF:0
BRH:0
end_of_record
TN:
SF:src\component\CustomizedTimeline.js
FN:19,(anonymous_0)
FN:86,CustomizedTimeline
FN:92,(anonymous_2)
FN:92,(anonymous_3)
FN:97,(anonymous_4)
FN:101,(anonymous_5)
FN:120,(anonymous_6)
FNF:7
FNH:7
FNDA:2,(anonymous_0)
FNDA:6,CustomizedTimeline
FNDA:66,(anonymous_2)
FNDA:2,(anonymous_3)
FNDA:2,(anonymous_4)
FNDA:2,(anonymous_5)
FNDA:66,(anonymous_6)
DA:19,8
DA:28,8
DA:87,6
DA:88,6
DA:89,6
DA:90,6
DA:92,66
DA:93,2
DA:94,2
DA:97,6
DA:98,2
DA:101,6
DA:102,2
DA:103,0
DA:104,2
DA:107,6
DA:121,66
LF:17
LH:16
BRDA:102,0,0,2
BRDA:102,0,1,0
BRDA:133,1,0,42
BRDA:133,1,1,24
BRDA:137,2,0,42
BRDA:137,2,1,24
BRF:6
BRH:5
end_of_record
TN:
SF:src\component\GeneralDetail.js
FN:6,(anonymous_0)
FN:14,GeneralDetails
FNF:2
FNH:2
FNDA:3,(anonymous_0)
FNDA:3,GeneralDetails
DA:6,8
DA:15,3
DA:17,3
LF:3
LH:3
BRDA:28,0,0,3
BRDA:28,0,1,1
BRDA:38,1,0,3
BRDA:38,1,1,1
BRDA:48,2,0,3
BRDA:48,2,1,1
BRDA:60,3,0,3
BRDA:60,3,1,1
BRDA:69,4,0,3
BRDA:69,4,1,1
BRDA:79,5,0,3
BRDA:79,5,1,1
BRF:12
BRH:12
end_of_record
TN:
SF:src\component\ListItemLink.js
FN:10,(anonymous_0)
FN:18,ListItemLink
FNF:2
FNH:2
FNDA:7,(anonymous_0)
FNDA:18,ListItemLink
DA:10,7
DA:19,18
DA:20,18
DA:22,18
DA:24,18
DA:42,6
LF:6
LH:6
BRDA:27,0,0,1
BRDA:27,0,1,17
BRDA:37,1,0,3
BRDA:37,1,1,15
BRDA:37,2,0,1
BRDA:37,2,1,2
BRF:6
BRH:6
end_of_record
TN:
SF:src\component\Logs.js
FN:9,(anonymous_0)
FN:28,GeneralDetails
FN:35,(anonymous_2)
FNF:3
FNH:3
FNDA:2,(anonymous_0)
FNDA:2,GeneralDetails
FNDA:3,(anonymous_2)
DA:9,8
DA:29,2
DA:31,2
DA:36,3
LF:4
LH:4
BRDA:34,0,0,1
BRDA:34,0,1,1
BRDA:34,1,0,2
BRDA:34,1,1,2
BRDA:38,2,0,2
BRDA:38,2,1,1
BRDA:44,3,0,2
BRDA:44,3,1,1
BRF:8
BRH:8
end_of_record
TN:
SF:src\component\MainPage.js
FN:7,MainPage
FNF:1
FNH:1
FNDA:3,MainPage
DA:8,3
DA:9,3
DA:11,3
LF:3
LH:3
BRF:0
BRH:0
end_of_record
TN:
SF:src\component\MiniDrawer.js
FN:29,MiniDrawer
FN:126,(anonymous_1)
FNF:2
FNH:2
FNDA:5,MiniDrawer
FNDA:15,(anonymous_1)
DA:30,5
DA:31,5
DA:32,5
DA:34,5
DA:127,15
LF:5
LH:5
BRDA:67,0,0,5
BRDA:67,0,1,4
BRDA:115,1,0,0
BRDA:115,1,1,5
BRF:4
BRH:3
end_of_record
TN:
SF:src\component\RepaveTimeline.js
FN:28,(anonymous_0)
FN:71,GeneralDetails
FN:86,(anonymous_2)
FNF:3
FNH:3
FNDA:1,(anonymous_0)
FNDA:1,GeneralDetails
FNDA:1,(anonymous_2)
DA:28,1
DA:61,1
DA:72,1
DA:74,1
DA:87,1
LF:5
LH:5
BRF:0
BRH:0
end_of_record
TN:
SF:src\component\Routing.js
FN:14,(anonymous_0)
FNF:1
FNH:1
FNDA:4,(anonymous_0)
DA:14,3
DA:15,4
DA:16,4
DA:18,4
LF:4
LH:4
BRF:0
BRH:0
end_of_record
TN:
SF:src\component\SimpleAppBar.js
FN:14,SimpleAppBar
FNF:1
FNH:1
FNDA:5,SimpleAppBar
DA:8,4
DA:15,5
DA:17,5
LF:3
LH:3
BRF:0
BRH:0
end_of_record
TN:
SF:src\component\Universal\confirm-alert-dialog.js
FN:11,ConfirmAlertDialog
FNF:1
FNH:1
FNDA:22,ConfirmAlertDialog
DA:18,22
LF:1
LH:1
BRDA:27,0,0,22
BRDA:27,0,1,19
BRDA:31,1,0,22
BRDA:31,1,1,22
BRF:4
BRH:4
end_of_record
TN:
SF:src\component\Universal\table_attributes.js
FN:23,(anonymous_0)
FN:24,(anonymous_1)
FN:25,(anonymous_2)
FN:26,(anonymous_3)
FN:27,(anonymous_4)
FN:28,(anonymous_5)
FN:29,(anonymous_6)
FN:30,(anonymous_7)
FN:31,(anonymous_8)
FN:32,(anonymous_9)
FN:33,(anonymous_10)
FN:34,(anonymous_11)
FN:35,(anonymous_12)
FN:36,(anonymous_13)
FN:37,(anonymous_14)
FN:38,(anonymous_15)
FN:39,(anonymous_16)
FN:40,(anonymous_17)
FNF:18
FNH:18
FNDA:1,(anonymous_0)
FNDA:1,(anonymous_1)
FNDA:1,(anonymous_2)
FNDA:1,(anonymous_3)
FNDA:101,(anonymous_4)
FNDA:1,(anonymous_5)
FNDA:19,(anonymous_6)
FNDA:1,(anonymous_7)
FNDA:17,(anonymous_8)
FNDA:17,(anonymous_9)
FNDA:17,(anonymous_10)
FNDA:17,(anonymous_11)
FNDA:19,(anonymous_12)
FNDA:19,(anonymous_13)
FNDA:133,(anonymous_14)
FNDA:1,(anonymous_15)
FNDA:1,(anonymous_16)
FNDA:1,(anonymous_17)
DA:20,9
DA:22,9
DA:23,1
DA:24,1
DA:25,1
DA:26,1
DA:27,101
DA:28,1
DA:29,19
DA:30,1
DA:31,17
DA:32,17
DA:33,17
DA:34,17
DA:35,19
DA:36,19
DA:37,133
DA:38,1
DA:39,1
DA:40,1
DA:43,9
LF:21
LH:21
BRF:0
BRH:0
end_of_record
TN:
SF:src\component\Universal\toast-message.js
FN:21,(anonymous_0)
FN:51,ToastMessageWrapper
FN:81,ToastMessage
FN:84,(anonymous_3)
FN:85,(anonymous_4)
FN:85,(anonymous_5)
FN:89,handleClose
FNF:7
FNH:6
FNDA:1,(anonymous_0)
FNDA:4,ToastMessageWrapper
FNDA:5,ToastMessage
FNDA:5,(anonymous_3)
FNDA:5,(anonymous_4)
FNDA:0,(anonymous_5)
FNDA:1,handleClose
DA:14,1
DA:21,1
DA:52,4
DA:53,4
DA:54,4
DA:56,4
DA:82,5
DA:84,5
DA:85,5
DA:90,1
DA:91,0
DA:93,1
DA:99,5
DA:101,5
LF:14
LH:13
BRDA:90,0,0,0
BRDA:90,0,1,1
BRF:2
BRH:1
end_of_record
TN:
SF:src\container\ListItemLinkContainer.js
FN:10,(anonymous_0)
FN:18,(anonymous_1)
FN:24,(anonymous_2)
FN:53,(anonymous_3)
FNF:4
FNH:4
FNDA:14,(anonymous_0)
FNDA:1,(anonymous_1)
FNDA:15,(anonymous_2)
FNDA:4,(anonymous_3)
DA:7,5
DA:11,14
DA:12,14
DA:18,14
DA:19,1
DA:25,15
DA:27,15
DA:54,4
LF:8
LH:8
BRDA:29,0,0,2
BRDA:29,0,1,13
BRF:2
BRH:2
end_of_record
TN:
SF:src\container\MainPageContainer.js
FN:7,(anonymous_0)
FN:14,(anonymous_1)
FN:20,(anonymous_2)
FNF:3
FNH:3
FNDA:1,(anonymous_0)
FNDA:1,(anonymous_1)
FNDA:2,(anonymous_2)
DA:8,1
DA:9,1
DA:14,1
DA:15,1
DA:21,2
LF:5
LH:5
BRF:0
BRH:0
end_of_record
TN:
SF:src\container\MiniDrawerContainer.js
FN:5,(anonymous_0)
FN:18,(anonymous_1)
FNF:2
FNH:2
FNDA:3,(anonymous_0)
FNDA:4,(anonymous_1)
DA:6,3
DA:7,3
DA:19,4
DA:20,4
LF:4
LH:4
BRF:0
BRH:0
end_of_record
TN:
SF:src\lib\utils.js
FN:1,(anonymous_0)
FNF:1
FNH:1
FNDA:14,(anonymous_0)
DA:1,8
DA:2,14
LF:2
LH:2
BRF:0
BRH:0
end_of_record
TN:
SF:src\lib\contexts\message.context.js
FN:5,ToastMessageProvider
FN:12,(anonymous_1)
FNF:2
FNH:2
FNDA:6,ToastMessageProvider
FNDA:3,(anonymous_1)
DA:3,11
DA:6,6
DA:12,6
DA:13,3
DA:19,6
DA:20,6
LF:6
LH:6
BRF:0
BRH:0
end_of_record
TN:
SF:src\pages\DepartmentSetupPage.js
FN:16,(anonymous_0)
FN:25,(anonymous_1)
FNF:2
FNH:2
FNDA:1,(anonymous_0)
FNDA:1,(anonymous_1)
DA:16,7
DA:17,1
DA:25,1
DA:35,1
DA:66,1
DA:68,1
DA:70,1
LF:7
LH:7
BRF:0
BRH:0
end_of_record
TN:
SF:src\pages\repave.js
FN:34,(anonymous_0)
FN:62,(anonymous_1)
FN:76,(anonymous_2)
FN:79,(anonymous_3)
FN:84,(anonymous_4)
FN:89,(anonymous_5)
FN:94,(anonymous_6)
FN:97,(anonymous_7)
FN:101,(anonymous_8)
FN:102,(anonymous_9)
FN:110,(anonymous_10)
FN:149,(anonymous_11)
FN:167,(anonymous_12)
FN:168,(anonymous_13)
FN:171,(anonymous_14)
FN:201,(anonymous_15)
FN:233,(anonymous_16)
FN:267,(anonymous_17)
FN:268,(anonymous_18)
FN:271,(anonymous_19)
FN:276,(anonymous_20)
FN:282,(anonymous_21)
FN:283,(anonymous_22)
FN:286,(anonymous_23)
FN:291,(anonymous_24)
FN:298,(anonymous_25)
FN:299,(anonymous_26)
FN:318,(anonymous_27)
FN:345,validateSelection
FN:364,(anonymous_29)
FN:368,(anonymous_30)
FN:372,(anonymous_31)
FN:376,(anonymous_32)
FN:442,(anonymous_33)
FN:494,(anonymous_34)
FN:497,(anonymous_35)
FN:504,(anonymous_36)
FN:521,(anonymous_37)
FN:523,(anonymous_38)
FN:531,(anonymous_39)
FN:538,(anonymous_40)
FN:555,(anonymous_41)
FN:557,(anonymous_42)
FN:564,(anonymous_43)
FN:571,(anonymous_44)
FN:588,(anonymous_45)
FN:627,(anonymous_46)
FN:727,(anonymous_47)
FN:730,(anonymous_48)
FN:731,(anonymous_49)
FN:735,(anonymous_50)
FN:807,(anonymous_51)
FN:894,(anonymous_52)
FNF:53
FNH:38
FNDA:6,(anonymous_0)
FNDA:15,(anonymous_1)
FNDA:5,(anonymous_2)
FNDA:1,(anonymous_3)
FNDA:985,(anonymous_4)
FNDA:985,(anonymous_5)
FNDA:1,(anonymous_6)
FNDA:2,(anonymous_7)
FNDA:2,(anonymous_8)
FNDA:2,(anonymous_9)
FNDA:5,(anonymous_10)
FNDA:0,(anonymous_11)
FNDA:0,(anonymous_12)
FNDA:0,(anonymous_13)
FNDA:1,(anonymous_14)
FNDA:13,(anonymous_15)
FNDA:6,(anonymous_16)
FNDA:2955,(anonymous_17)
FNDA:2955,(anonymous_18)
FNDA:103,(anonymous_19)
FNDA:103,(anonymous_20)
FNDA:206,(anonymous_21)
FNDA:206,(anonymous_22)
FNDA:2,(anonymous_23)
FNDA:2,(anonymous_24)
FNDA:2,(anonymous_25)
FNDA:2,(anonymous_26)
FNDA:0,(anonymous_27)
FNDA:0,validateSelection
FNDA:0,(anonymous_29)
FNDA:0,(anonymous_30)
FNDA:0,(anonymous_31)
FNDA:0,(anonymous_32)
FNDA:0,(anonymous_33)
FNDA:214,(anonymous_34)
FNDA:1,(anonymous_35)
FNDA:16,(anonymous_36)
FNDA:204,(anonymous_37)
FNDA:4,(anonymous_38)
FNDA:1,(anonymous_39)
FNDA:16,(anonymous_40)
FNDA:9,(anonymous_41)
FNDA:1,(anonymous_42)
FNDA:1,(anonymous_43)
FNDA:15,(anonymous_44)
FNDA:0,(anonymous_45)
FNDA:1,(anonymous_46)
FNDA:0,(anonymous_47)
FNDA:0,(anonymous_48)
FNDA:0,(anonymous_49)
FNDA:0,(anonymous_50)
FNDA:50,(anonymous_51)
FNDA:50,(anonymous_52)
DA:34,7
DA:62,7
DA:63,15
DA:64,15
DA:65,15
DA:66,15
DA:67,15
DA:68,15
DA:69,15
DA:70,15
DA:71,15
DA:76,15
DA:77,5
DA:80,1
DA:81,1
DA:82,1
DA:84,1
DA:85,985
DA:88,1
DA:90,985
DA:95,1
DA:98,2
DA:101,5
DA:102,2
DA:103,2
DA:104,0
DA:106,2
DA:107,2
DA:110,5
DA:111,5
DA:112,5
DA:116,15
DA:127,15
DA:149,0
DA:168,0
DA:172,1
DA:201,7
DA:208,13
DA:213,13
DA:214,13
DA:215,13
DA:216,13
DA:217,13
DA:218,13
DA:233,13
DA:234,6
DA:235,6
DA:236,0
DA:241,0
DA:244,0
DA:245,0
DA:247,6
DA:248,0
DA:254,0
DA:260,0
DA:261,0
DA:263,0
DA:265,6
DA:266,3
DA:267,3
DA:268,2955
DA:270,3
DA:271,1
DA:272,103
DA:275,1
DA:277,103
DA:281,3
DA:282,2
DA:283,206
DA:285,2
DA:286,1
DA:287,2
DA:290,1
DA:292,2
DA:297,3
DA:298,1
DA:299,2
DA:302,3
DA:304,3
DA:305,3
DA:306,3
DA:315,13
DA:318,13
DA:319,0
DA:320,0
DA:324,0
DA:325,0
DA:329,0
DA:330,0
DA:336,0
DA:346,0
DA:347,0
DA:348,0
DA:349,0
DA:350,0
DA:353,0
DA:356,13
DA:357,13
DA:358,13
DA:364,13
DA:365,0
DA:368,13
DA:369,0
DA:372,13
DA:373,0
DA:376,13
DA:442,13
DA:478,13
DA:494,214
DA:498,1
DA:499,1
DA:505,16
DA:521,204
DA:525,4
DA:526,0
DA:527,4
DA:528,4
DA:532,1
DA:533,1
DA:539,16
DA:555,9
DA:558,1
DA:559,0
DA:560,1
DA:561,1
DA:565,1
DA:566,1
DA:572,15
DA:588,0
DA:627,7
DA:628,1
DA:727,7
DA:729,0
DA:730,0
DA:731,0
DA:733,0
DA:735,0
DA:740,7
DA:791,7
DA:808,50
DA:895,50
LF:141
LH:105
BRDA:103,0,0,0
BRDA:103,0,1,2
BRDA:112,1,0,5
BRDA:112,1,1,5
BRDA:112,1,2,0
BRDA:137,2,0,6
BRDA:137,2,1,9
BRDA:235,3,0,0
BRDA:235,3,1,6
BRDA:235,4,0,6
BRDA:235,4,1,1
BRDA:247,5,0,0
BRDA:247,5,1,6
BRDA:247,6,0,6
BRDA:247,6,1,1
BRDA:260,7,0,0
BRDA:260,7,1,0
BRDA:265,8,0,3
BRDA:265,8,1,3
BRDA:270,9,0,1
BRDA:270,9,1,2
BRDA:281,10,0,2
BRDA:281,10,1,1
BRDA:285,11,0,1
BRDA:285,11,1,1
BRDA:285,12,0,2
BRDA:285,12,1,1
BRDA:297,13,0,1
BRDA:297,13,1,2
BRDA:319,14,0,0
BRDA:319,14,1,0
BRDA:319,15,0,0
BRDA:319,15,1,0
BRDA:324,16,0,0
BRDA:324,16,1,0
BRDA:329,17,0,0
BRDA:329,17,1,0
BRDA:348,18,0,0
BRDA:348,18,1,0
BRDA:525,19,0,0
BRDA:525,19,1,4
BRDA:527,20,0,4
BRDA:527,20,1,0
BRDA:558,21,0,0
BRDA:558,21,1,1
BRDA:560,22,0,1
BRDA:560,22,1,0
BRDA:808,23,0,10
BRDA:808,23,1,40
BRDA:824,24,0,5
BRDA:824,24,1,35
BRDA:840,25,0,5
BRDA:840,25,1,30
BRDA:856,26,0,0
BRDA:856,26,1,30
BRF:55
BRH:34
end_of_record
TN:
SF:src\pages\request.js
FN:34,(anonymous_0)
FN:62,(anonymous_1)
FN:76,(anonymous_2)
FN:79,(anonymous_3)
FN:81,(anonymous_4)
FN:86,(anonymous_5)
FN:91,(anonymous_6)
FN:96,(anonymous_7)
FN:99,(anonymous_8)
FN:103,(anonymous_9)
FN:104,(anonymous_10)
FN:112,(anonymous_11)
FN:151,(anonymous_12)
FN:169,(anonymous_13)
FN:170,(anonymous_14)
FN:173,(anonymous_15)
FN:203,(anonymous_16)
FN:235,(anonymous_17)
FN:269,(anonymous_18)
FN:270,(anonymous_19)
FN:273,(anonymous_20)
FN:278,(anonymous_21)
FN:284,(anonymous_22)
FN:285,(anonymous_23)
FN:288,(anonymous_24)
FN:293,(anonymous_25)
FN:300,(anonymous_26)
FN:301,(anonymous_27)
FN:320,(anonymous_28)
FN:372,(anonymous_29)
FN:375,(anonymous_30)
FN:382,(anonymous_31)
FN:399,(anonymous_32)
FN:401,(anonymous_33)
FN:409,(anonymous_34)
FN:416,(anonymous_35)
FN:433,(anonymous_36)
FN:435,(anonymous_37)
FN:442,(anonymous_38)
FN:449,(anonymous_39)
FN:480,(anonymous_40)
FN:580,(anonymous_41)
FN:583,(anonymous_42)
FN:584,(anonymous_43)
FN:588,(anonymous_44)
FN:643,(anonymous_45)
FN:650,(anonymous_46)
FN:651,(anonymous_47)
FN:675,(anonymous_48)
FN:762,(anonymous_49)
FNF:50
FNH:40
FNDA:2,(anonymous_0)
FNDA:11,(anonymous_1)
FNDA:2,(anonymous_2)
FNDA:1,(anonymous_3)
FNDA:985,(anonymous_4)
FNDA:420,(anonymous_5)
FNDA:420,(anonymous_6)
FNDA:1,(anonymous_7)
FNDA:2,(anonymous_8)
FNDA:2,(anonymous_9)
FNDA:2,(anonymous_10)
FNDA:2,(anonymous_11)
FNDA:0,(anonymous_12)
FNDA:0,(anonymous_13)
FNDA:0,(anonymous_14)
FNDA:1,(anonymous_15)
FNDA:13,(anonymous_16)
FNDA:6,(anonymous_17)
FNDA:2955,(anonymous_18)
FNDA:2955,(anonymous_19)
FNDA:103,(anonymous_20)
FNDA:103,(anonymous_21)
FNDA:206,(anonymous_22)
FNDA:206,(anonymous_23)
FNDA:2,(anonymous_24)
FNDA:2,(anonymous_25)
FNDA:2,(anonymous_26)
FNDA:2,(anonymous_27)
FNDA:0,(anonymous_28)
FNDA:214,(anonymous_29)
FNDA:1,(anonymous_30)
FNDA:16,(anonymous_31)
FNDA:204,(anonymous_32)
FNDA:4,(anonymous_33)
FNDA:1,(anonymous_34)
FNDA:16,(anonymous_35)
FNDA:9,(anonymous_36)
FNDA:1,(anonymous_37)
FNDA:1,(anonymous_38)
FNDA:15,(anonymous_39)
FNDA:1,(anonymous_40)
FNDA:0,(anonymous_41)
FNDA:0,(anonymous_42)
FNDA:0,(anonymous_43)
FNDA:0,(anonymous_44)
FNDA:0,(anonymous_45)
FNDA:50,(anonymous_46)
FNDA:0,(anonymous_47)
FNDA:50,(anonymous_48)
FNDA:50,(anonymous_49)
DA:34,7
DA:62,7
DA:63,11
DA:64,11
DA:65,11
DA:66,11
DA:67,11
DA:68,11
DA:69,11
DA:70,11
DA:71,11
DA:76,11
DA:77,2
DA:80,1
DA:81,985
DA:83,1
DA:84,1
DA:86,1
DA:87,420
DA:90,1
DA:92,420
DA:97,1
DA:100,2
DA:103,2
DA:104,2
DA:105,2
DA:106,0
DA:108,2
DA:109,2
DA:112,2
DA:113,2
DA:114,2
DA:118,11
DA:129,11
DA:151,0
DA:170,0
DA:174,1
DA:203,7
DA:210,13
DA:215,13
DA:219,13
DA:220,13
DA:235,13
DA:236,6
DA:237,6
DA:238,0
DA:243,0
DA:246,0
DA:247,0
DA:249,6
DA:250,0
DA:256,0
DA:262,0
DA:263,0
DA:265,0
DA:267,6
DA:268,3
DA:269,3
DA:270,2955
DA:272,3
DA:273,1
DA:274,103
DA:277,1
DA:279,103
DA:283,3
DA:284,2
DA:285,206
DA:287,2
DA:288,1
DA:289,2
DA:292,1
DA:294,2
DA:299,3
DA:300,1
DA:301,2
DA:304,3
DA:306,3
DA:307,3
DA:308,3
DA:320,13
DA:356,13
DA:372,214
DA:376,1
DA:377,1
DA:383,16
DA:399,204
DA:403,4
DA:404,0
DA:405,4
DA:406,4
DA:410,1
DA:411,1
DA:417,16
DA:433,9
DA:436,1
DA:437,0
DA:438,1
DA:439,1
DA:443,1
DA:444,1
DA:450,15
DA:480,7
DA:481,1
DA:580,7
DA:582,0
DA:583,0
DA:584,0
DA:586,0
DA:588,0
DA:593,7
DA:643,7
DA:644,0
DA:646,7
DA:651,50
DA:676,50
DA:763,50
LF:116
LH:96
BRDA:105,0,0,0
BRDA:105,0,1,2
BRDA:113,1,0,2
BRDA:113,1,1,2
BRDA:113,1,2,0
BRDA:139,2,0,6
BRDA:139,2,1,5
BRDA:237,3,0,0
BRDA:237,3,1,6
BRDA:237,4,0,6
BRDA:237,4,1,1
BRDA:249,5,0,0
BRDA:249,5,1,6
BRDA:249,6,0,6
BRDA:249,6,1,1
BRDA:262,7,0,0
BRDA:262,7,1,0
BRDA:267,8,0,3
BRDA:267,8,1,3
BRDA:272,9,0,1
BRDA:272,9,1,2
BRDA:283,10,0,2
BRDA:283,10,1,1
BRDA:287,11,0,1
BRDA:287,11,1,1
BRDA:287,12,0,2
BRDA:287,12,1,1
BRDA:299,13,0,1
BRDA:299,13,1,2
BRDA:403,14,0,0
BRDA:403,14,1,4
BRDA:405,15,0,4
BRDA:405,15,1,0
BRDA:436,16,0,0
BRDA:436,16,1,1
BRDA:438,17,0,1
BRDA:438,17,1,0
BRDA:676,18,0,50
BRDA:676,18,1,0
BRDA:692,19,0,0
BRDA:692,19,1,0
BRDA:708,20,0,0
BRDA:708,20,1,0
BRDA:724,21,0,0
BRDA:724,21,1,0
BRF:45
BRH:28
end_of_record
TN:
SF:src\static\Menus.js
FNF:0
FNH:0
DA:10,5
LF:1
LH:1
BRF:0
BRH:0
end_of_record
